
*** Running vivado
    with args -log servo_enc_v1_0.vdi -applog -m64 -product Vivado -messageDb vivado.pb -mode batch -source servo_enc_v1_0.tcl -notrace



****** Vivado v2025.2 (64-bit)
  **** SW Build 6299465 on Fri Nov 14 19:35:11 GMT 2025
  **** IP Build 6300035 on Fri Nov 14 10:48:45 MST 2025
  **** SharedData Build 6298862 on Thu Nov 13 04:50:51 MST 2025
  **** Start of session at: Mon Apr 20 17:14:50 2026
    ** Copyright 1986-2022 Xilinx, Inc. All Rights Reserved.
    ** Copyright 2022-2025 Advanced Micro Devices, Inc. All Rights Reserved.

source servo_enc_v1_0.tcl -notrace
create_project: Time (s): cpu = 00:00:13 ; elapsed = 00:00:10 . Memory (MB): peak = 534.113 ; gain = 219.137
Command: link_design -top servo_enc_v1_0 -part xc7s15ftgb196-1
Design is defaulting to srcset: sources_1
Design is defaulting to constrset: constrs_1
INFO: [Device 21-403] Loading part xc7s15ftgb196-1
Netlist sorting complete. Time (s): cpu = 00:00:00 ; elapsed = 00:00:00.117 . Memory (MB): peak = 713.023 ; gain = 0.000
INFO: [Netlist 29-17] Analyzing 390 Unisim elements for replacement
INFO: [Netlist 29-28] Unisim Transformation completed in 0 CPU seconds
INFO: [Project 1-479] Netlist was created with Vivado 2025.2
INFO: [Project 1-570] Preparing netlist for logic optimization
Parsing XDC File [C:/Users/RESEARCH/Downloads/Quadrature/Quadrature/FPGA_part/source/servo_enc.xdc]
Finished Parsing XDC File [C:/Users/RESEARCH/Downloads/Quadrature/Quadrature/FPGA_part/source/servo_enc.xdc]
INFO: [Opt 31-138] Pushed 0 inverter(s) to 0 load pin(s).
Netlist sorting complete. Time (s): cpu = 00:00:00 ; elapsed = 00:00:00.003 . Memory (MB): peak = 850.266 ; gain = 0.000
INFO: [Project 1-111] Unisim Transformation Summary:
  A total of 16 instances were transformed.
  IOBUF => IOBUF (IBUF, OBUFT): 16 instances

7 Infos, 0 Warnings, 0 Critical Warnings and 0 Errors encountered.
link_design completed successfully
link_design: Time (s): cpu = 00:00:06 ; elapsed = 00:00:08 . Memory (MB): peak = 850.266 ; gain = 316.152
Command: opt_design
Attempting to get a license for feature 'Implementation' and/or device 'xc7s15'
INFO: [Common 17-349] Got license for feature 'Implementation' and/or device 'xc7s15'
Running DRC as a precondition to command opt_design

Starting DRC Task
INFO: [DRC 23-27] Running DRC with 2 threads
INFO: [Project 1-461] DRC finished with 0 Errors
INFO: [Project 1-462] Please refer to the DRC report (report_drc) for more information.

Time (s): cpu = 00:00:01 ; elapsed = 00:00:01 . Memory (MB): peak = 873.508 ; gain = 23.242

Starting Cache Timing Information Task
INFO: [Timing 38-35] Done setting XDC timing constraints.
Ending Cache Timing Information Task | Checksum: 1f9eb0f64

Time (s): cpu = 00:00:07 ; elapsed = 00:00:08 . Memory (MB): peak = 1323.832 ; gain = 450.324

Starting Logic Optimization Task

Phase 1 Initialization

Phase 1.1 Core Generation And Design Setup
Phase 1.1 Core Generation And Design Setup | Checksum: 1f9eb0f64

Time (s): cpu = 00:00:00 ; elapsed = 00:00:00.010 . Memory (MB): peak = 1783.695 ; gain = 0.000

Phase 1.2 Setup Constraints And Sort Netlist
Phase 1.2 Setup Constraints And Sort Netlist | Checksum: 1f9eb0f64

Time (s): cpu = 00:00:00 ; elapsed = 00:00:00.019 . Memory (MB): peak = 1783.695 ; gain = 0.000
Phase 1 Initialization | Checksum: 1f9eb0f64

Time (s): cpu = 00:00:00 ; elapsed = 00:00:00.024 . Memory (MB): peak = 1783.695 ; gain = 0.000

Phase 2 Timer Update And Timing Data Collection

Phase 2.1 Detect if minReqCache needed
Phase 2.1 Detect if minReqCache needed | Checksum: 1f9eb0f64

Time (s): cpu = 00:00:00 ; elapsed = 00:00:00.035 . Memory (MB): peak = 1783.754 ; gain = 0.059

Phase 2.2 Timer Update
Phase 2.2 Timer Update | Checksum: 1f9eb0f64

Time (s): cpu = 00:00:00 ; elapsed = 00:00:00.225 . Memory (MB): peak = 1783.754 ; gain = 0.059

Phase 2.3 Timing Data Collection
Phase 2.3 Timing Data Collection | Checksum: 1f9eb0f64

Time (s): cpu = 00:00:00 ; elapsed = 00:00:00.235 . Memory (MB): peak = 1783.754 ; gain = 0.059
Phase 2 Timer Update And Timing Data Collection | Checksum: 1f9eb0f64

Time (s): cpu = 00:00:00 ; elapsed = 00:00:00.240 . Memory (MB): peak = 1783.754 ; gain = 0.059

Phase 3 Retarget
INFO: [Opt 31-1851] Number of loadless carry chains removed were: 0
INFO: [Opt 31-1834] Total Chains To Be Transformed Were: 0 AND Number of Transformed insts Created are: 0
INFO: [Opt 31-138] Pushed 0 inverter(s) to 0 load pin(s).
INFO: [Opt 31-49] Retargeted 0 cell(s).
Phase 3 Retarget | Checksum: 22d3dedee

Time (s): cpu = 00:00:00 ; elapsed = 00:00:00.400 . Memory (MB): peak = 1783.754 ; gain = 0.059
Retarget | Checksum: 22d3dedee
INFO: [Opt 31-389] Phase Retarget created 0 cells and removed 1 cells

Phase 4 Constant propagation
INFO: [Opt 31-138] Pushed 0 inverter(s) to 0 load pin(s).
Phase 4 Constant propagation | Checksum: 1ad095a12

Time (s): cpu = 00:00:00 ; elapsed = 00:00:00.516 . Memory (MB): peak = 1783.754 ; gain = 0.059
Constant propagation | Checksum: 1ad095a12
INFO: [Opt 31-389] Phase Constant propagation created 0 cells and removed 0 cells

Phase 5 Sweep
INFO: [Constraints 18-11670] Building netlist checker database with flags, 0x8
Done building netlist checker database: Time (s): cpu = 00:00:00 ; elapsed = 00:00:00.003 . Memory (MB): peak = 1783.754 ; gain = 0.000
Phase 5 Sweep | Checksum: 28addd8cb

Time (s): cpu = 00:00:00 ; elapsed = 00:00:00.611 . Memory (MB): peak = 1783.754 ; gain = 0.059
Sweep | Checksum: 28addd8cb
INFO: [Opt 31-389] Phase Sweep created 0 cells and removed 0 cells

Phase 6 BUFG optimization
Phase 6 BUFG optimization | Checksum: 28addd8cb

Time (s): cpu = 00:00:01 ; elapsed = 00:00:00.689 . Memory (MB): peak = 1783.754 ; gain = 0.059
BUFG optimization | Checksum: 28addd8cb
INFO: [Opt 31-662] Phase BUFG optimization created 0 cells of which 0 are BUFGs and removed 0 cells.

Phase 7 Shift Register Optimization
INFO: [Opt 31-1064] SRL Remap converted 0 SRLs to 0 registers and converted 0 registers of register chains to 0 SRLs
Phase 7 Shift Register Optimization | Checksum: 28addd8cb

Time (s): cpu = 00:00:01 ; elapsed = 00:00:00.719 . Memory (MB): peak = 1783.754 ; gain = 0.059
Shift Register Optimization | Checksum: 28addd8cb
INFO: [Opt 31-389] Phase Shift Register Optimization created 0 cells and removed 0 cells

Phase 8 Post Processing Netlist
Phase 8 Post Processing Netlist | Checksum: 28addd8cb

Time (s): cpu = 00:00:01 ; elapsed = 00:00:00.762 . Memory (MB): peak = 1783.754 ; gain = 0.059
Post Processing Netlist | Checksum: 28addd8cb
INFO: [Opt 31-389] Phase Post Processing Netlist created 0 cells and removed 0 cells

Phase 9 Finalization

Phase 9.1 Finalizing Design Cores and Updating Shapes
Phase 9.1 Finalizing Design Cores and Updating Shapes | Checksum: 212128508

Time (s): cpu = 00:00:01 ; elapsed = 00:00:02 . Memory (MB): peak = 1783.754 ; gain = 0.059

Phase 9.2 Verifying Netlist Connectivity

Starting Connectivity Check Task

Time (s): cpu = 00:00:00 ; elapsed = 00:00:00.028 . Memory (MB): peak = 1783.754 ; gain = 0.000
Phase 9.2 Verifying Netlist Connectivity | Checksum: 212128508

Time (s): cpu = 00:00:01 ; elapsed = 00:00:02 . Memory (MB): peak = 1783.754 ; gain = 0.059
Phase 9 Finalization | Checksum: 212128508

Time (s): cpu = 00:00:01 ; elapsed = 00:00:02 . Memory (MB): peak = 1783.754 ; gain = 0.059
Opt_design Change Summary
=========================


-------------------------------------------------------------------------------------------------------------------------
|  Phase                        |  #Cells created  |  #Cells Removed  |  #Constrained objects preventing optimizations  |
-------------------------------------------------------------------------------------------------------------------------
|  Retarget                     |               0  |               1  |                                              0  |
|  Constant propagation         |               0  |               0  |                                              0  |
|  Sweep                        |               0  |               0  |                                              0  |
|  BUFG optimization            |               0  |               0  |                                              0  |
|  Shift Register Optimization  |               0  |               0  |                                              0  |
|  Post Processing Netlist      |               0  |               0  |                                              0  |
-------------------------------------------------------------------------------------------------------------------------


Ending Logic Optimization Task | Checksum: 212128508

Time (s): cpu = 00:00:01 ; elapsed = 00:00:02 . Memory (MB): peak = 1783.754 ; gain = 0.059

Starting Power Optimization Task
INFO: [Pwropt 34-132] Skipping clock gating for clocks with a period < 2.00 ns.
Ending Power Optimization Task | Checksum: 212128508

Time (s): cpu = 00:00:00 ; elapsed = 00:00:00.018 . Memory (MB): peak = 1783.754 ; gain = 0.000

Starting Final Cleanup Task
Ending Final Cleanup Task | Checksum: 212128508

Time (s): cpu = 00:00:00 ; elapsed = 00:00:00.004 . Memory (MB): peak = 1783.754 ; gain = 0.000
Netlist sorting complete. Time (s): cpu = 00:00:00 ; elapsed = 00:00:00.003 . Memory (MB): peak = 1783.754 ; gain = 0.000
INFO: [Common 17-83] Releasing license: Implementation
27 Infos, 0 Warnings, 0 Critical Warnings and 0 Errors encountered.
opt_design completed successfully
opt_design: Time (s): cpu = 00:00:14 ; elapsed = 00:00:15 . Memory (MB): peak = 1783.754 ; gain = 933.488
INFO: [Vivado 12-24828] Executing command : report_drc -file servo_enc_v1_0_drc_opted.rpt -pb servo_enc_v1_0_drc_opted.pb -rpx servo_enc_v1_0_drc_opted.rpx
Command: report_drc -file servo_enc_v1_0_drc_opted.rpt -pb servo_enc_v1_0_drc_opted.pb -rpx servo_enc_v1_0_drc_opted.rpx
INFO: [IP_Flow 19-234] Refreshing IP repositories
INFO: [IP_Flow 19-1704] No user IP repositories specified
INFO: [IP_Flow 19-2313] Loaded Vivado IP repository 'C:/AMDDesignTools/2025.2/Vivado/data/ip'.
INFO: [DRC 23-27] Running DRC with 2 threads
INFO: [Vivado_Tcl 2-168] The results of DRC are in file C:/Users/RESEARCH/Downloads/Quadrature/Quadrature/FPGA_part/targeting/servo_encoder_v1_0.runs/impl_1/servo_enc_v1_0_drc_opted.rpt.
report_drc completed successfully
INFO: [Timing 38-480] Writing timing data to binary archive.
Wrote PlaceDB: Time (s): cpu = 00:00:00 ; elapsed = 00:00:00 . Memory (MB): peak = 1783.754 ; gain = 0.000
Wrote PulsedLatchDB: Time (s): cpu = 00:00:00 ; elapsed = 00:00:00 . Memory (MB): peak = 1783.754 ; gain = 0.000
Writing XDEF routing.
Writing XDEF routing logical nets.
Writing XDEF routing special nets.
Wrote RouteStorage: Time (s): cpu = 00:00:01 ; elapsed = 00:00:00.029 . Memory (MB): peak = 1783.754 ; gain = 0.000
Write ShapeDB Complete: Time (s): cpu = 00:00:01 ; elapsed = 00:00:00.038 . Memory (MB): peak = 1783.754 ; gain = 0.000
Wrote PlaceStorage: Time (s): cpu = 00:00:00 ; elapsed = 00:00:00.005 . Memory (MB): peak = 1783.754 ; gain = 0.000
Wrote Netlist Cache: Time (s): cpu = 00:00:00 ; elapsed = 00:00:00.001 . Memory (MB): peak = 1783.754 ; gain = 0.000
Wrote Device Cache: Time (s): cpu = 00:00:00 ; elapsed = 00:00:00.008 . Memory (MB): peak = 1783.754 ; gain = 0.000
Write Physdb Complete: Time (s): cpu = 00:00:01 ; elapsed = 00:00:00.054 . Memory (MB): peak = 1783.754 ; gain = 0.000
INFO: [Common 17-1381] The checkpoint 'C:/Users/RESEARCH/Downloads/Quadrature/Quadrature/FPGA_part/targeting/servo_encoder_v1_0.runs/impl_1/servo_enc_v1_0_opt.dcp' has been generated.
Command: place_design
Attempting to get a license for feature 'Implementation' and/or device 'xc7s15'
INFO: [Common 17-349] Got license for feature 'Implementation' and/or device 'xc7s15'
INFO: [Common 17-83] Releasing license: Implementation
INFO: [DRC 23-27] Running DRC with 2 threads
INFO: [Vivado_Tcl 4-198] DRC finished with 0 Errors
INFO: [Vivado_Tcl 4-199] Please refer to the DRC report (report_drc) for more information.
INFO: [Timing 38-35] Done setting XDC timing constraints.
Running DRC as a precondition to command place_design
INFO: [DRC 23-27] Running DRC with 2 threads
INFO: [Vivado_Tcl 4-198] DRC finished with 0 Errors
INFO: [Vivado_Tcl 4-199] Please refer to the DRC report (report_drc) for more information.
INFO: [Place 30-611] Multithreading enabled for place_design using a maximum of 2 CPUs

Starting Placer Task

Phase 1 Placer Initialization

Phase 1.1 Placer Initialization Netlist Sorting
Netlist sorting complete. Time (s): cpu = 00:00:00 ; elapsed = 00:00:00.004 . Memory (MB): peak = 1783.754 ; gain = 0.000
Phase 1.1 Placer Initialization Netlist Sorting | Checksum: 1e8022358

Time (s): cpu = 00:00:00 ; elapsed = 00:00:00.010 . Memory (MB): peak = 1783.754 ; gain = 0.000
Netlist sorting complete. Time (s): cpu = 00:00:00 ; elapsed = 00:00:00.003 . Memory (MB): peak = 1783.754 ; gain = 0.000

Phase 1.2 IO Placement/ Clock Placement/ Build Placer Device
Phase 1.2 IO Placement/ Clock Placement/ Build Placer Device | Checksum: dc1de4f8

Time (s): cpu = 00:00:01 ; elapsed = 00:00:00.579 . Memory (MB): peak = 1783.754 ; gain = 0.000

Phase 1.3 Build Placer Netlist Model
Phase 1.3 Build Placer Netlist Model | Checksum: 1a84feb0a

Time (s): cpu = 00:00:04 ; elapsed = 00:00:03 . Memory (MB): peak = 1783.754 ; gain = 0.000

Phase 1.4 Constrain Clocks/Macros
Phase 1.4 Constrain Clocks/Macros | Checksum: 1a84feb0a

Time (s): cpu = 00:00:04 ; elapsed = 00:00:03 . Memory (MB): peak = 1783.754 ; gain = 0.000
Phase 1 Placer Initialization | Checksum: 1a84feb0a

Time (s): cpu = 00:00:04 ; elapsed = 00:00:03 . Memory (MB): peak = 1783.754 ; gain = 0.000

Phase 2 Global Placement

Phase 2.1 Floorplanning
Phase 2.1 Floorplanning | Checksum: 1b7ab7a60

Time (s): cpu = 00:00:05 ; elapsed = 00:00:03 . Memory (MB): peak = 1783.754 ; gain = 0.000

Phase 2.2 Update Timing before SLR Path Opt
Phase 2.2 Update Timing before SLR Path Opt | Checksum: 116762f3a

Time (s): cpu = 00:00:07 ; elapsed = 00:00:04 . Memory (MB): peak = 1783.754 ; gain = 0.000

Phase 2.3 Post-Processing in Floorplanning
Phase 2.3 Post-Processing in Floorplanning | Checksum: 116762f3a

Time (s): cpu = 00:00:07 ; elapsed = 00:00:04 . Memory (MB): peak = 1783.754 ; gain = 0.000

Phase 2.4 Global Place Phase1
Phase 2.4 Global Place Phase1 | Checksum: 19f01f4af

Time (s): cpu = 00:00:12 ; elapsed = 00:00:08 . Memory (MB): peak = 1783.754 ; gain = 0.000

Phase 2.5 Global Place Phase2

Phase 2.5.1 UpdateTiming Before Physical Synthesis
Phase 2.5.1 UpdateTiming Before Physical Synthesis | Checksum: 19f01f4af

Time (s): cpu = 00:00:14 ; elapsed = 00:00:09 . Memory (MB): peak = 1783.754 ; gain = 0.000

Phase 2.5.2 Physical Synthesis In Placer
INFO: [Physopt 32-1035] Found 0 LUTNM shape to break, 105 LUT instances to create LUTNM shape
INFO: [Physopt 32-1044] Break lutnm for timing: one critical 0, two critical 0, total 0, new lutff created 0
INFO: [Physopt 32-1138] End 1 Pass. Optimized 34 nets or LUTs. Breaked 0 LUT, combined 34 existing LUTs and moved 0 existing LUT
INFO: [Physopt 32-65] No nets found for high-fanout optimization.
INFO: [Physopt 32-232] Optimized 0 net. Created 0 new instance.
INFO: [Physopt 32-775] End 1 Pass. Optimized 0 net or cell. Created 0 new cell, deleted 0 existing cell and moved 0 existing cell
INFO: [Physopt 32-670] No setup violation found.  DSP Register Optimization was not performed.
INFO: [Physopt 32-670] No setup violation found.  Shift Register to Pipeline Optimization was not performed.
INFO: [Physopt 32-670] No setup violation found.  Shift Register Optimization was not performed.
INFO: [Physopt 32-670] No setup violation found.  BRAM Register Optimization was not performed.
INFO: [Physopt 32-670] No setup violation found.  URAM Register Optimization was not performed.
INFO: [Physopt 32-949] No candidate nets found for dynamic/static region interface net replication
INFO: [Physopt 32-775] End 1 Pass. Optimized 0 net or cell. Created 0 new cell, deleted 0 existing cell and moved 0 existing cell
Netlist sorting complete. Time (s): cpu = 00:00:00 ; elapsed = 00:00:00.004 . Memory (MB): peak = 1783.754 ; gain = 0.000

Summary of Physical Synthesis Optimizations
============================================


-----------------------------------------------------------------------------------------------------------------------------------------------------------
|  Optimization                                     |  Added Cells  |  Removed Cells  |  Optimized Cells/Nets  |  Dont Touch  |  Iterations  |  Elapsed   |
-----------------------------------------------------------------------------------------------------------------------------------------------------------
|  LUT Combining                                    |            0  |             34  |                    34  |           0  |           1  |  00:00:00  |
|  Retime                                           |            0  |              0  |                     0  |           0  |           1  |  00:00:00  |
|  Very High Fanout                                 |            0  |              0  |                     0  |           0  |           1  |  00:00:00  |
|  DSP Register                                     |            0  |              0  |                     0  |           0  |           0  |  00:00:00  |
|  Shift Register to Pipeline                       |            0  |              0  |                     0  |           0  |           0  |  00:00:00  |
|  Shift Register                                   |            0  |              0  |                     0  |           0  |           0  |  00:00:00  |
|  BRAM Register                                    |            0  |              0  |                     0  |           0  |           0  |  00:00:00  |
|  URAM Register                                    |            0  |              0  |                     0  |           0  |           0  |  00:00:00  |
|  Dynamic/Static Region Interface Net Replication  |            0  |              0  |                     0  |           0  |           1  |  00:00:00  |
|  Total                                            |            0  |             34  |                    34  |           0  |           4  |  00:00:00  |
-----------------------------------------------------------------------------------------------------------------------------------------------------------


Phase 2.5.2 Physical Synthesis In Placer | Checksum: 1fcc3ccc4

Time (s): cpu = 00:00:16 ; elapsed = 00:00:10 . Memory (MB): peak = 1783.754 ; gain = 0.000
Phase 2.5 Global Place Phase2 | Checksum: 1cba1819e

Time (s): cpu = 00:00:17 ; elapsed = 00:00:11 . Memory (MB): peak = 1783.754 ; gain = 0.000
Phase 2 Global Placement | Checksum: 1cba1819e

Time (s): cpu = 00:00:17 ; elapsed = 00:00:11 . Memory (MB): peak = 1783.754 ; gain = 0.000

Phase 3 Detail Placement

Phase 3.1 Commit Multi Column Macros
Phase 3.1 Commit Multi Column Macros | Checksum: 21bb26be3

Time (s): cpu = 00:00:18 ; elapsed = 00:00:12 . Memory (MB): peak = 1783.754 ; gain = 0.000

Phase 3.2 Commit Most Macros & LUTRAMs
Phase 3.2 Commit Most Macros & LUTRAMs | Checksum: 209e8d434

Time (s): cpu = 00:00:20 ; elapsed = 00:00:13 . Memory (MB): peak = 1783.754 ; gain = 0.000

Phase 3.3 Area Swap Optimization
Phase 3.3 Area Swap Optimization | Checksum: 203d4d6bf

Time (s): cpu = 00:00:20 ; elapsed = 00:00:13 . Memory (MB): peak = 1783.754 ; gain = 0.000

Phase 3.4 Pipeline Register Optimization
Phase 3.4 Pipeline Register Optimization | Checksum: 1ce14dda1

Time (s): cpu = 00:00:20 ; elapsed = 00:00:13 . Memory (MB): peak = 1783.754 ; gain = 0.000

Phase 3.5 Small Shape Detail Placement
Phase 3.5 Small Shape Detail Placement | Checksum: 2a5da2b41

Time (s): cpu = 00:00:23 ; elapsed = 00:00:16 . Memory (MB): peak = 1783.754 ; gain = 0.000

Phase 3.6 Re-assign LUT pins
Phase 3.6 Re-assign LUT pins | Checksum: 257f361c6

Time (s): cpu = 00:00:24 ; elapsed = 00:00:17 . Memory (MB): peak = 1783.754 ; gain = 0.000

Phase 3.7 Pipeline Register Optimization
Phase 3.7 Pipeline Register Optimization | Checksum: 246336ca4

Time (s): cpu = 00:00:24 ; elapsed = 00:00:17 . Memory (MB): peak = 1783.754 ; gain = 0.000
Phase 3 Detail Placement | Checksum: 246336ca4

Time (s): cpu = 00:00:24 ; elapsed = 00:00:17 . Memory (MB): peak = 1783.754 ; gain = 0.000

Phase 4 Post Placement Optimization and Clean-Up

Phase 4.1 Post Commit Optimization
INFO: [Timing 38-35] Done setting XDC timing constraints.

Phase 4.1.1 Post Placement Optimization
Post Placement Optimization Initialization | Checksum: 21edca906

Phase 4.1.1.1 BUFG Insertion

Starting Physical Synthesis Task

Phase 1 Physical Synthesis Initialization
INFO: [Physopt 32-721] Multithreading enabled for phys_opt_design using a maximum of 2 CPUs
INFO: [Physopt 32-619] Estimated Timing Summary | WNS=9.179 | TNS=0.000 |
Phase 1 Physical Synthesis Initialization | Checksum: 15ada2e9f

Time (s): cpu = 00:00:00 ; elapsed = 00:00:00.153 . Memory (MB): peak = 1783.754 ; gain = 0.000
INFO: [Place 46-33] Processed net U2_servo_encoder_con/U_tamakawa_interface2/SR[0], BUFG insertion was skipped due to placement/routing conflicts.
INFO: [Place 46-56] BUFG insertion identified 1 candidate nets. Inserted BUFG: 0, Replicated BUFG Driver: 0, Skipped due to Placement/Routing Conflicts: 1, Skipped due to Timing Degradation: 0, Skipped due to netlist editing failed: 0.
Ending Physical Synthesis Task | Checksum: 1c7a6f0c9

Time (s): cpu = 00:00:01 ; elapsed = 00:00:00.537 . Memory (MB): peak = 1783.754 ; gain = 0.000
Phase 4.1.1.1 BUFG Insertion | Checksum: 21edca906

Time (s): cpu = 00:00:28 ; elapsed = 00:00:20 . Memory (MB): peak = 1783.754 ; gain = 0.000

Phase 4.1.1.2 Post Placement Timing Optimization
INFO: [Place 30-746] Post Placement Timing Summary WNS=9.179. For the most accurate timing information please run report_timing.
Phase 4.1.1.2 Post Placement Timing Optimization | Checksum: 27852a175

Time (s): cpu = 00:00:28 ; elapsed = 00:00:20 . Memory (MB): peak = 1783.754 ; gain = 0.000

Time (s): cpu = 00:00:28 ; elapsed = 00:00:20 . Memory (MB): peak = 1783.754 ; gain = 0.000
Phase 4.1 Post Commit Optimization | Checksum: 27852a175

Time (s): cpu = 00:00:28 ; elapsed = 00:00:20 . Memory (MB): peak = 1783.754 ; gain = 0.000

Phase 4.2 Post Placement Cleanup
Phase 4.2 Post Placement Cleanup | Checksum: 27852a175

Time (s): cpu = 00:00:28 ; elapsed = 00:00:20 . Memory (MB): peak = 1783.754 ; gain = 0.000

Phase 4.3 Placer Reporting

Phase 4.3.1 Print Estimated Congestion
INFO: [Place 30-612] Post-Placement Estimated Congestion 
 ____________________________________________________
|           | Global Congestion | Short Congestion  |
| Direction | Region Size       | Region Size       |
|___________|___________________|___________________|
|      North|                1x1|                1x1|
|___________|___________________|___________________|
|      South|                1x1|                2x2|
|___________|___________________|___________________|
|       East|                1x1|                1x1|
|___________|___________________|___________________|
|       West|                1x1|                1x1|
|___________|___________________|___________________|

Phase 4.3.1 Print Estimated Congestion | Checksum: 27852a175

Time (s): cpu = 00:00:28 ; elapsed = 00:00:20 . Memory (MB): peak = 1783.754 ; gain = 0.000
Phase 4.3 Placer Reporting | Checksum: 27852a175

Time (s): cpu = 00:00:28 ; elapsed = 00:00:20 . Memory (MB): peak = 1783.754 ; gain = 0.000

Phase 4.4 Final Placement Cleanup
Netlist sorting complete. Time (s): cpu = 00:00:00 ; elapsed = 00:00:00.004 . Memory (MB): peak = 1783.754 ; gain = 0.000

Time (s): cpu = 00:00:28 ; elapsed = 00:00:20 . Memory (MB): peak = 1783.754 ; gain = 0.000
Phase 4 Post Placement Optimization and Clean-Up | Checksum: 2adbd41ca

Time (s): cpu = 00:00:28 ; elapsed = 00:00:20 . Memory (MB): peak = 1783.754 ; gain = 0.000
Ending Placer Task | Checksum: 1d3012f6e

Time (s): cpu = 00:00:28 ; elapsed = 00:00:20 . Memory (MB): peak = 1783.754 ; gain = 0.000
65 Infos, 0 Warnings, 0 Critical Warnings and 0 Errors encountered.
place_design completed successfully
place_design: Time (s): cpu = 00:00:30 ; elapsed = 00:00:21 . Memory (MB): peak = 1783.754 ; gain = 0.000
INFO: [Vivado 12-24838] Running report commands "report_control_sets, report_io, report_utilization" in parallel.
Running report generation with 2 threads.
INFO: [Vivado 12-24828] Executing command : report_utilization -file servo_enc_v1_0_utilization_placed.rpt -pb servo_enc_v1_0_utilization_placed.pb
INFO: [Vivado 12-24828] Executing command : report_io -file servo_enc_v1_0_io_placed.rpt
report_io: Time (s): cpu = 00:00:00 ; elapsed = 00:00:00.135 . Memory (MB): peak = 1783.754 ; gain = 0.000
INFO: [Vivado 12-24828] Executing command : report_control_sets -verbose -file servo_enc_v1_0_control_sets_placed.rpt
report_control_sets: Time (s): cpu = 00:00:00 ; elapsed = 00:00:00.036 . Memory (MB): peak = 1783.754 ; gain = 0.000
INFO: [Timing 38-480] Writing timing data to binary archive.
Wrote PlaceDB: Time (s): cpu = 00:00:00 ; elapsed = 00:00:00 . Memory (MB): peak = 1783.754 ; gain = 0.000
Wrote PulsedLatchDB: Time (s): cpu = 00:00:00 ; elapsed = 00:00:00 . Memory (MB): peak = 1783.754 ; gain = 0.000
Writing XDEF routing.
Writing XDEF routing logical nets.
Writing XDEF routing special nets.
Wrote RouteStorage: Time (s): cpu = 00:00:00 ; elapsed = 00:00:00.024 . Memory (MB): peak = 1783.754 ; gain = 0.000
Write ShapeDB Complete: Time (s): cpu = 00:00:00 ; elapsed = 00:00:00.041 . Memory (MB): peak = 1783.754 ; gain = 0.000
Wrote PlaceStorage: Time (s): cpu = 00:00:01 ; elapsed = 00:00:00.369 . Memory (MB): peak = 1783.754 ; gain = 0.000
Wrote Netlist Cache: Time (s): cpu = 00:00:00 ; elapsed = 00:00:00.011 . Memory (MB): peak = 1783.754 ; gain = 0.000
Wrote Device Cache: Time (s): cpu = 00:00:00 ; elapsed = 00:00:00.008 . Memory (MB): peak = 1783.754 ; gain = 0.000
Write Physdb Complete: Time (s): cpu = 00:00:01 ; elapsed = 00:00:00.428 . Memory (MB): peak = 1783.754 ; gain = 0.000
INFO: [Common 17-1381] The checkpoint 'C:/Users/RESEARCH/Downloads/Quadrature/Quadrature/FPGA_part/targeting/servo_encoder_v1_0.runs/impl_1/servo_enc_v1_0_placed.dcp' has been generated.
Command: phys_opt_design
Attempting to get a license for feature 'Implementation' and/or device 'xc7s15'
INFO: [Common 17-349] Got license for feature 'Implementation' and/or device 'xc7s15'

Starting Initial Update Timing Task

Time (s): cpu = 00:00:03 ; elapsed = 00:00:01 . Memory (MB): peak = 1783.754 ; gain = 0.000
INFO: [Vivado_Tcl 4-2279] Estimated Timing Summary | WNS= 9.179 | TNS= 0.000 | 
INFO: [Vivado_Tcl 4-383] Design worst setup slack (WNS) is greater than or equal to 0.000 ns. All physical synthesis setup optimizations will be skipped.
INFO: [Vivado_Tcl 4-232] No setup violation found. The netlist was not modified.
INFO: [Common 17-83] Releasing license: Implementation
76 Infos, 0 Warnings, 0 Critical Warnings and 0 Errors encountered.
phys_opt_design completed successfully
INFO: [Timing 38-480] Writing timing data to binary archive.
Wrote PlaceDB: Time (s): cpu = 00:00:00 ; elapsed = 00:00:00 . Memory (MB): peak = 1783.754 ; gain = 0.000
Wrote PulsedLatchDB: Time (s): cpu = 00:00:00 ; elapsed = 00:00:00 . Memory (MB): peak = 1783.754 ; gain = 0.000
Writing XDEF routing.
Writing XDEF routing logical nets.
Writing XDEF routing special nets.
Wrote RouteStorage: Time (s): cpu = 00:00:00 ; elapsed = 00:00:00.022 . Memory (MB): peak = 1783.754 ; gain = 0.000
Write ShapeDB Complete: Time (s): cpu = 00:00:00 ; elapsed = 00:00:00.041 . Memory (MB): peak = 1783.754 ; gain = 0.000
Wrote PlaceStorage: Time (s): cpu = 00:00:01 ; elapsed = 00:00:00.385 . Memory (MB): peak = 1783.754 ; gain = 0.000
Wrote Netlist Cache: Time (s): cpu = 00:00:00 ; elapsed = 00:00:00.011 . Memory (MB): peak = 1783.754 ; gain = 0.000
Wrote Device Cache: Time (s): cpu = 00:00:00 ; elapsed = 00:00:00.005 . Memory (MB): peak = 1783.754 ; gain = 0.000
Write Physdb Complete: Time (s): cpu = 00:00:01 ; elapsed = 00:00:00.437 . Memory (MB): peak = 1783.754 ; gain = 0.000
INFO: [Common 17-1381] The checkpoint 'C:/Users/RESEARCH/Downloads/Quadrature/Quadrature/FPGA_part/targeting/servo_encoder_v1_0.runs/impl_1/servo_enc_v1_0_physopt.dcp' has been generated.
Command: route_design
Attempting to get a license for feature 'Implementation' and/or device 'xc7s15'
INFO: [Common 17-349] Got license for feature 'Implementation' and/or device 'xc7s15'


Starting Routing Task
INFO: [Route 35-254] Multithreading enabled for route_design using a maximum of 2 CPUs

Phase 1 Build RT Design
Checksum: PlaceDB: 4000ccd9 ConstDB: 0 ShapeSum: e4ee5357 RouteDB: ae120f3e
Post Restoration Checksum: NetGraph: b8c9ee0b | NumContArr: 92ebf0a | Constraints: c2a8fa9d | Timing: c2a8fa9d
Phase 1 Build RT Design | Checksum: 2474aa24f

Time (s): cpu = 00:00:09 ; elapsed = 00:00:08 . Memory (MB): peak = 1783.754 ; gain = 0.000

Phase 2 Router Initialization

Phase 2.1 Fix Topology Constraints
Phase 2.1 Fix Topology Constraints | Checksum: 2474aa24f

Time (s): cpu = 00:00:09 ; elapsed = 00:00:08 . Memory (MB): peak = 1783.754 ; gain = 0.000

Phase 2.2 Pre Route Cleanup
Phase 2.2 Pre Route Cleanup | Checksum: 2474aa24f

Time (s): cpu = 00:00:09 ; elapsed = 00:00:08 . Memory (MB): peak = 1783.754 ; gain = 0.000
 Number of Nodes with overlaps = 0

Phase 2.3 Update Timing
Phase 2.3 Update Timing | Checksum: 2d8051a7d

Time (s): cpu = 00:00:11 ; elapsed = 00:00:09 . Memory (MB): peak = 1783.754 ; gain = 0.000
INFO: [Route 35-416] Intermediate Timing Summary | WNS=9.210  | TNS=0.000  | WHS=-0.155 | THS=-44.393|


Phase 2.4 Soft Constraint Pins - Fast Budgeting
Phase 2.4 Soft Constraint Pins - Fast Budgeting | Checksum: 2be7d8deb

Time (s): cpu = 00:00:12 ; elapsed = 00:00:10 . Memory (MB): peak = 1783.754 ; gain = 0.000

Router Utilization Summary
  Global Vertical Routing Utilization    = 0 %
  Global Horizontal Routing Utilization  = 0 %
  Routable Net Status*
  *Does not include unroutable nets such as driverless and loadless.
  Run report_route_status for detailed report.
  Number of Failed Nets               = 5613
    (Failed Nets is the sum of unrouted and partially routed nets)
  Number of Unrouted Nets             = 5613
  Number of Partially Routed Nets     = 0
  Number of Node Overlaps             = 0

Phase 2 Router Initialization | Checksum: 29199825e

Time (s): cpu = 00:00:12 ; elapsed = 00:00:10 . Memory (MB): peak = 1783.754 ; gain = 0.000

Phase 3 Global Routing
Phase 3 Global Routing | Checksum: 29199825e

Time (s): cpu = 00:00:12 ; elapsed = 00:00:10 . Memory (MB): peak = 1783.754 ; gain = 0.000

Phase 4 Initial Routing

Phase 4.1 Initial Net Routing Pass
Phase 4.1 Initial Net Routing Pass | Checksum: 32190c728

Time (s): cpu = 00:00:12 ; elapsed = 00:00:10 . Memory (MB): peak = 1783.754 ; gain = 0.000
Phase 4 Initial Routing | Checksum: 32190c728

Time (s): cpu = 00:00:12 ; elapsed = 00:00:10 . Memory (MB): peak = 1783.754 ; gain = 0.000

Phase 5 Rip-up And Reroute

Phase 5.1 Global Iteration 0
 Number of Nodes with overlaps = 307
 Number of Nodes with overlaps = 2
 Number of Nodes with overlaps = 0
INFO: [Route 35-416] Intermediate Timing Summary | WNS=7.918  | TNS=0.000  | WHS=N/A    | THS=N/A    |

Phase 5.1 Global Iteration 0 | Checksum: 295b94e77

Time (s): cpu = 00:00:14 ; elapsed = 00:00:11 . Memory (MB): peak = 1783.754 ; gain = 0.000

Phase 5.2 Global Iteration 1
 Number of Nodes with overlaps = 0
INFO: [Route 35-416] Intermediate Timing Summary | WNS=7.918  | TNS=0.000  | WHS=N/A    | THS=N/A    |

Phase 5.2 Global Iteration 1 | Checksum: 163ecb8a0

Time (s): cpu = 00:00:14 ; elapsed = 00:00:11 . Memory (MB): peak = 1783.754 ; gain = 0.000
Phase 5 Rip-up And Reroute | Checksum: 163ecb8a0

Time (s): cpu = 00:00:14 ; elapsed = 00:00:11 . Memory (MB): peak = 1783.754 ; gain = 0.000

Phase 6 Delay and Skew Optimization

Phase 6.1 Delay CleanUp

Phase 6.1.1 Update Timing
Phase 6.1.1 Update Timing | Checksum: 175c81c55

Time (s): cpu = 00:00:14 ; elapsed = 00:00:11 . Memory (MB): peak = 1783.754 ; gain = 0.000
INFO: [Route 35-416] Intermediate Timing Summary | WNS=7.998  | TNS=0.000  | WHS=N/A    | THS=N/A    |

Phase 6.1 Delay CleanUp | Checksum: 175c81c55

Time (s): cpu = 00:00:14 ; elapsed = 00:00:11 . Memory (MB): peak = 1783.754 ; gain = 0.000

Phase 6.2 Clock Skew Optimization
Phase 6.2 Clock Skew Optimization | Checksum: 175c81c55

Time (s): cpu = 00:00:14 ; elapsed = 00:00:11 . Memory (MB): peak = 1783.754 ; gain = 0.000
Phase 6 Delay and Skew Optimization | Checksum: 175c81c55

Time (s): cpu = 00:00:14 ; elapsed = 00:00:11 . Memory (MB): peak = 1783.754 ; gain = 0.000

Phase 7 Post Hold Fix

Phase 7.1 Hold Fix Iter
INFO: [Route 35-416] Intermediate Timing Summary | WNS=7.998  | TNS=0.000  | WHS=0.024  | THS=0.000  |

Phase 7.1 Hold Fix Iter | Checksum: 16cca4376

Time (s): cpu = 00:00:14 ; elapsed = 00:00:11 . Memory (MB): peak = 1783.754 ; gain = 0.000
Phase 7 Post Hold Fix | Checksum: 16cca4376

Time (s): cpu = 00:00:14 ; elapsed = 00:00:11 . Memory (MB): peak = 1783.754 ; gain = 0.000

Phase 8 Route finalize

Router Utilization Summary
  Global Vertical Routing Utilization    = 4.75579 %
  Global Horizontal Routing Utilization  = 6.47899 %
  Routable Net Status*
  *Does not include unroutable nets such as driverless and loadless.
  Run report_route_status for detailed report.
  Number of Failed Nets               = 0
    (Failed Nets is the sum of unrouted and partially routed nets)
  Number of Unrouted Nets             = 0
  Number of Partially Routed Nets     = 0
  Number of Node Overlaps             = 0

Phase 8 Route finalize | Checksum: 16cca4376

Time (s): cpu = 00:00:14 ; elapsed = 00:00:11 . Memory (MB): peak = 1783.754 ; gain = 0.000

Phase 9 Verifying routed nets

 Verification completed successfully
Phase 9 Verifying routed nets | Checksum: 16cca4376

Time (s): cpu = 00:00:14 ; elapsed = 00:00:11 . Memory (MB): peak = 1783.754 ; gain = 0.000

Phase 10 Depositing Routes
Phase 10 Depositing Routes | Checksum: 1bb27145c

Time (s): cpu = 00:00:15 ; elapsed = 00:00:12 . Memory (MB): peak = 1783.754 ; gain = 0.000

Phase 11 Post Process Routing
Phase 11 Post Process Routing | Checksum: 1bb27145c

Time (s): cpu = 00:00:15 ; elapsed = 00:00:12 . Memory (MB): peak = 1783.754 ; gain = 0.000

Phase 12 Post Router Timing
INFO: [Route 35-57] Estimated Timing Summary | WNS=7.998  | TNS=0.000  | WHS=0.024  | THS=0.000  |

INFO: [Route 35-327] The final timing numbers are based on the router estimated timing analysis. For a complete and accurate timing signoff, please run report_timing_summary.
Phase 12 Post Router Timing | Checksum: 1bb27145c

Time (s): cpu = 00:00:15 ; elapsed = 00:00:12 . Memory (MB): peak = 1783.754 ; gain = 0.000
Total Elapsed time in route_design: 11.937 secs

Phase 13 Post-Route Event Processing
Phase 13 Post-Route Event Processing | Checksum: 1aa27c16f

Time (s): cpu = 00:00:15 ; elapsed = 00:00:12 . Memory (MB): peak = 1783.754 ; gain = 0.000
INFO: [Route 35-16] Router Completed Successfully
Ending Routing Task | Checksum: 1aa27c16f

Time (s): cpu = 00:00:15 ; elapsed = 00:00:12 . Memory (MB): peak = 1783.754 ; gain = 0.000

Routing Is Done.
INFO: [Common 17-83] Releasing license: Implementation
89 Infos, 0 Warnings, 0 Critical Warnings and 0 Errors encountered.
route_design completed successfully
route_design: Time (s): cpu = 00:00:15 ; elapsed = 00:00:12 . Memory (MB): peak = 1783.754 ; gain = 0.000
INFO: [Vivado 12-24828] Executing command : report_drc -file servo_enc_v1_0_drc_routed.rpt -pb servo_enc_v1_0_drc_routed.pb -rpx servo_enc_v1_0_drc_routed.rpx
Command: report_drc -file servo_enc_v1_0_drc_routed.rpt -pb servo_enc_v1_0_drc_routed.pb -rpx servo_enc_v1_0_drc_routed.rpx
INFO: [IP_Flow 19-1839] IP Catalog is up to date.
INFO: [DRC 23-27] Running DRC with 2 threads
INFO: [Vivado_Tcl 2-168] The results of DRC are in file C:/Users/RESEARCH/Downloads/Quadrature/Quadrature/FPGA_part/targeting/servo_encoder_v1_0.runs/impl_1/servo_enc_v1_0_drc_routed.rpt.
report_drc completed successfully
INFO: [Vivado 12-24828] Executing command : report_methodology -file servo_enc_v1_0_methodology_drc_routed.rpt -pb servo_enc_v1_0_methodology_drc_routed.pb -rpx servo_enc_v1_0_methodology_drc_routed.rpx
Command: report_methodology -file servo_enc_v1_0_methodology_drc_routed.rpt -pb servo_enc_v1_0_methodology_drc_routed.pb -rpx servo_enc_v1_0_methodology_drc_routed.rpx
INFO: [Timing 38-35] Done setting XDC timing constraints.
INFO: [DRC 23-133] Running Methodology with 2 threads
INFO: [Vivado_Tcl 2-1520] The results of Report Methodology are in file C:/Users/RESEARCH/Downloads/Quadrature/Quadrature/FPGA_part/targeting/servo_encoder_v1_0.runs/impl_1/servo_enc_v1_0_methodology_drc_routed.rpt.
report_methodology completed successfully
INFO: [Vivado 12-24828] Executing command : report_timing_summary -max_paths 10 -report_unconstrained -file servo_enc_v1_0_timing_summary_routed.rpt -pb servo_enc_v1_0_timing_summary_routed.pb -rpx servo_enc_v1_0_timing_summary_routed.rpx -warn_on_violation 
INFO: [Timing 38-35] Done setting XDC timing constraints.
INFO: [Timing 38-91] UpdateTimingParams: Speed grade: -1, Delay Type: min_max.
INFO: [Timing 38-191] Multithreading enabled for timing update using a maximum of 2 CPUs
INFO: [Vivado 12-24838] Running report commands "report_incremental_reuse, report_route_status" in parallel.
Running report generation with 2 threads.
INFO: [Vivado 12-24828] Executing command : report_incremental_reuse -file servo_enc_v1_0_incremental_reuse_routed.rpt
INFO: [Vivado_Tcl 4-1062] Incremental flow is disabled. No incremental reuse Info to report.
INFO: [Vivado 12-24828] Executing command : report_route_status -file servo_enc_v1_0_route_status.rpt -pb servo_enc_v1_0_route_status.pb
INFO: [Vivado 12-24828] Executing command : report_power -file servo_enc_v1_0_power_routed.rpt -pb servo_enc_v1_0_power_summary_routed.pb -rpx servo_enc_v1_0_power_routed.rpx
Command: report_power -file servo_enc_v1_0_power_routed.rpt -pb servo_enc_v1_0_power_summary_routed.pb -rpx servo_enc_v1_0_power_routed.rpx
Running Vector-less Activity Propagation...

Finished Running Vector-less Activity Propagation
106 Infos, 0 Warnings, 0 Critical Warnings and 0 Errors encountered.
report_power completed successfully
INFO: [Vivado 12-24828] Executing command : report_clock_utilization -file servo_enc_v1_0_clock_utilization_routed.rpt
INFO: [Vivado 12-24828] Executing command : report_bus_skew -warn_on_violation -file servo_enc_v1_0_bus_skew_routed.rpt -pb servo_enc_v1_0_bus_skew_routed.pb -rpx servo_enc_v1_0_bus_skew_routed.rpx
INFO: [Timing 38-91] UpdateTimingParams: Speed grade: -1, Delay Type: min_max.
INFO: [Timing 38-191] Multithreading enabled for timing update using a maximum of 2 CPUs
generate_parallel_reports: Time (s): cpu = 00:00:07 ; elapsed = 00:00:05 . Memory (MB): peak = 1783.754 ; gain = 0.000
INFO: [Timing 38-480] Writing timing data to binary archive.
Wrote PlaceDB: Time (s): cpu = 00:00:00 ; elapsed = 00:00:00 . Memory (MB): peak = 1783.754 ; gain = 0.000
Wrote PulsedLatchDB: Time (s): cpu = 00:00:00 ; elapsed = 00:00:00 . Memory (MB): peak = 1783.754 ; gain = 0.000
Writing XDEF routing.
Writing XDEF routing logical nets.
Write ShapeDB Complete: Time (s): cpu = 00:00:00 ; elapsed = 00:00:00.015 . Memory (MB): peak = 1783.754 ; gain = 0.000
Writing XDEF routing special nets.
Wrote RouteStorage: Time (s): cpu = 00:00:01 ; elapsed = 00:00:00.045 . Memory (MB): peak = 1783.754 ; gain = 0.000
Wrote PlaceStorage: Time (s): cpu = 00:00:00 ; elapsed = 00:00:00.159 . Memory (MB): peak = 1783.754 ; gain = 0.000
Wrote Netlist Cache: Time (s): cpu = 00:00:00 ; elapsed = 00:00:00.006 . Memory (MB): peak = 1783.754 ; gain = 0.000
Wrote Device Cache: Time (s): cpu = 00:00:00 ; elapsed = 00:00:00.003 . Memory (MB): peak = 1783.754 ; gain = 0.000
Write Physdb Complete: Time (s): cpu = 00:00:01 ; elapsed = 00:00:00.220 . Memory (MB): peak = 1783.754 ; gain = 0.000
INFO: [Common 17-1381] The checkpoint 'C:/Users/RESEARCH/Downloads/Quadrature/Quadrature/FPGA_part/targeting/servo_encoder_v1_0.runs/impl_1/servo_enc_v1_0_routed.dcp' has been generated.
Command: write_bitstream -force servo_enc_v1_0.bit
Attempting to get a license for feature 'Implementation' and/or device 'xc7s15'
INFO: [Common 17-349] Got license for feature 'Implementation' and/or device 'xc7s15'
Running DRC as a precondition to command write_bitstream
INFO: [IP_Flow 19-1839] IP Catalog is up to date.
INFO: [DRC 23-27] Running DRC with 2 threads
INFO: [Vivado 12-3199] DRC finished with 0 Errors
INFO: [Vivado 12-3200] Please refer to the DRC report (report_drc) for more information.
Integrating Hard IP ELF/MEM with the PDI.
INFO: [Designutils 20-2272] Running write_bitstream with 2 threads.
Loading data files...
Loading site data...
Loading route data...
Processing options...
Creating bitmap...
Creating bitstream...
Writing bitstream ./servo_enc_v1_0.bit...
INFO: [Vivado 12-1842] Bitgen Completed Successfully.
INFO: [Common 17-83] Releasing license: Implementation
120 Infos, 0 Warnings, 0 Critical Warnings and 0 Errors encountered.
write_bitstream completed successfully
write_bitstream: Time (s): cpu = 00:00:07 ; elapsed = 00:00:06 . Memory (MB): peak = 1967.316 ; gain = 183.562
INFO: [Common 17-206] Exiting Vivado at Mon Apr 20 17:16:18 2026...
