Copyright 1986-2022 Xilinx, Inc. All Rights Reserved. Copyright 2022-2025 Advanced Micro Devices, Inc. All Rights Reserved.
---------------------------------------------------------------------------------------------------------------------------------------------
| Tool Version : Vivado v.2025.2 (win64) Build 6299465 Fri Nov 14 19:35:11 GMT 2025
| Date         : Mon Apr 20 17:15:51 2026
| Host         : DESKTOP-GNEDNNB running 64-bit major release  (build 9200)
| Command      : report_control_sets -verbose -file servo_enc_v1_0_control_sets_placed.rpt
| Design       : servo_enc_v1_0
| Device       : xc7s15
---------------------------------------------------------------------------------------------------------------------------------------------

Control Set Information

Table of Contents
-----------------
1. Summary
2. Histogram
3. Flip-Flop Distribution
4. Detailed Control Set Information

1. Summary
----------

+----------------------------------------------------------+-------+
|                          Status                          | Count |
+----------------------------------------------------------+-------+
| Total control sets                                       |   155 |
|    Minimum number of control sets                        |   155 |
|    Addition due to synthesis replication                 |     0 |
|    Addition due to physical synthesis replication        |     0 |
| Unused register locations in slices containing registers |   336 |
+----------------------------------------------------------+-------+
* Control sets can be merged at opt_design using control_set_merge or merge_equivalent_drivers
** Run report_qor_suggestions for automated merging and remapping suggestions


2. Histogram
------------

+--------------------+-------+
|       Fanout       | Count |
+--------------------+-------+
| Total control sets |   155 |
| >= 0 to < 4        |     0 |
| >= 4 to < 6        |    25 |
| >= 6 to < 8        |     0 |
| >= 8 to < 10       |    56 |
| >= 10 to < 12      |     4 |
| >= 12 to < 14      |     0 |
| >= 14 to < 16      |     2 |
| >= 16              |    68 |
+--------------------+-------+
* Control sets can be remapped at either synth_design or opt_design


3. Flip-Flop Distribution
-------------------------

+--------------+-----------------------+------------------------+-----------------+--------------+
| Clock Enable | Synchronous Set/Reset | Asynchronous Set/Reset | Total Registers | Total Slices |
+--------------+-----------------------+------------------------+-----------------+--------------+
| No           | No                    | No                     |              69 |           34 |
| No           | No                    | Yes                    |             403 |          122 |
| No           | Yes                   | No                     |             120 |           53 |
| Yes          | No                    | No                     |             136 |           35 |
| Yes          | No                    | Yes                    |            1749 |          485 |
| Yes          | Yes                   | No                     |             891 |          228 |
+--------------+-----------------------+------------------------+-----------------+--------------+


4. Detailed Control Set Information
-----------------------------------

+---------------------+----------------------------------------------------------------------------------+------------------------------------------------------------------------+------------------+----------------+--------------+
|     Clock Signal    |                                   Enable Signal                                  |                            Set/Reset Signal                            | Slice Load Count | Bel Load Count | Bels / Slice |
+---------------------+----------------------------------------------------------------------------------+------------------------------------------------------------------------+------------------+----------------+--------------+
|  fpga_clk_IBUF_BUFG | U2_servo_encoder_con/U_tamakawa_interface1/tk_skip_cnt[0]                        | U2_servo_encoder_con/U_tamakawa_interface1/tk_skip_cnt[3]_i_1__1_n_0   |                1 |              4 |         4.00 |
|  fpga_clk_IBUF_BUFG |                                                                                  | U_emif_con/soft_reset_lo_reg_0[0]                                      |                2 |              4 |         2.00 |
|  fpga_clk_IBUF_BUFG |                                                                                  | U_emif_con/soft_reset_lo_reg_2[0]                                      |                2 |              4 |         2.00 |
|  fpga_clk_IBUF_BUFG |                                                                                  | U_emif_con/soft_reset_lo_reg_4[0]                                      |                2 |              4 |         2.00 |
|  fpga_clk_IBUF_BUFG |                                                                                  | U_emif_con/soft_reset_lo_reg_6[0]                                      |                1 |              4 |         4.00 |
|  fpga_clk_IBUF_BUFG | U1_servo_encoder_con/U_tamakawa_interface2/tk_skip_cnt[0]                        | U1_servo_encoder_con/U_tamakawa_interface2/tk_skip_cnt[3]_i_1__0_n_0   |                1 |              4 |         4.00 |
|  fpga_clk_IBUF_BUFG | U1_servo_encoder_con/U_tamakawa_interface1/FSM_sequential_tk_state[3]_i_1_n_0    | U2_servo_encoder_con/U_tamakawa_interface2/SR[0]                       |                1 |              4 |         4.00 |
|  fpga_clk_IBUF_BUFG |                                                                                  | U1_servo_encoder_con/U_tamakawa_interface1/tk_tx_ref_clk[3]_i_1_n_0    |                1 |              4 |         4.00 |
|  fpga_clk_IBUF_BUFG |                                                                                  | U1_servo_encoder_con/U_tamakawa_interface2/tk_tx_ref_clk[3]_i_1__0_n_0 |                1 |              4 |         4.00 |
|  fpga_clk_IBUF_BUFG |                                                                                  | U2_servo_encoder_con/U_tamakawa_interface1/tk_tx_ref_clk[3]_i_1__1_n_0 |                1 |              4 |         4.00 |
|  fpga_clk_IBUF_BUFG |                                                                                  | U2_servo_encoder_con/U_tamakawa_interface2/tk_tx_ref_clk[3]_i_1__2_n_0 |                1 |              4 |         4.00 |
|  fpga_clk_IBUF_BUFG | U2_servo_encoder_con/U_tamakawa_interface2/tk_skip_cnt[0]                        | U2_servo_encoder_con/U_tamakawa_interface2/tk_skip_cnt[3]_i_1__2_n_0   |                1 |              4 |         4.00 |
|  fpga_clk_IBUF_BUFG | U1_servo_encoder_con/U_tamakawa_interface2/FSM_sequential_tk_state[3]_i_1__0_n_0 | U2_servo_encoder_con/U_tamakawa_interface2/SR[0]                       |                2 |              4 |         2.00 |
|  fpga_clk_IBUF_BUFG | U2_servo_encoder_con/U_tamakawa_interface1/FSM_sequential_tk_state[3]_i_1__1_n_0 | U2_servo_encoder_con/U_tamakawa_interface2/SR[0]                       |                2 |              4 |         2.00 |
|  fpga_clk_IBUF_BUFG | U1_servo_encoder_con/U_tamakawa_interface1/tk_skip_cnt[0]                        | U1_servo_encoder_con/U_tamakawa_interface1/tk_skip_cnt[3]_i_1_n_0      |                1 |              4 |         4.00 |
|  fpga_clk_IBUF_BUFG | U2_servo_encoder_con/U_tamakawa_interface2/FSM_sequential_tk_state[3]_i_1__2_n_0 | U2_servo_encoder_con/U_tamakawa_interface2/SR[0]                       |                1 |              4 |         4.00 |
|  fpga_clk_IBUF_BUFG | U2_servo_encoder_con/U_tamakawa_interface1/tk_rx_byte[4]_i_1__1_n_0              | U2_servo_encoder_con/U_tamakawa_interface2/SR[0]                       |                1 |              5 |         5.00 |
|  fpga_clk_IBUF_BUFG | U2_servo_encoder_con/U_tamakawa_interface1/tk_tx_byte[4]_i_1__1_n_0              | U2_servo_encoder_con/U_tamakawa_interface2/SR[0]                       |                3 |              5 |         1.67 |
|  fpga_clk_IBUF_BUFG | U_spi_master/clk_toggles[4]_i_2_n_0                                              | U_emif_con/spi_config_lo_reg[0]_1[0]                                   |                1 |              5 |         5.00 |
|  fpga_clk_IBUF_BUFG | U2_servo_encoder_con/U_tamakawa_interface2/tk_rx_byte[4]_i_1__2_n_0              | U2_servo_encoder_con/U_tamakawa_interface2/SR[0]                       |                1 |              5 |         5.00 |
|  fpga_clk_IBUF_BUFG | U1_servo_encoder_con/U_tamakawa_interface2/tk_tx_byte[4]_i_1__0_n_0              | U2_servo_encoder_con/U_tamakawa_interface2/SR[0]                       |                2 |              5 |         2.50 |
|  fpga_clk_IBUF_BUFG | U1_servo_encoder_con/U_tamakawa_interface1/tk_tx_byte[4]_i_1_n_0                 | U2_servo_encoder_con/U_tamakawa_interface2/SR[0]                       |                2 |              5 |         2.50 |
|  fpga_clk_IBUF_BUFG | U1_servo_encoder_con/U_tamakawa_interface2/tk_rx_byte[4]_i_1__0_n_0              | U2_servo_encoder_con/U_tamakawa_interface2/SR[0]                       |                3 |              5 |         1.67 |
|  fpga_clk_IBUF_BUFG | U2_servo_encoder_con/U_tamakawa_interface2/tk_tx_byte[4]_i_1__2_n_0              | U2_servo_encoder_con/U_tamakawa_interface2/SR[0]                       |                2 |              5 |         2.50 |
|  fpga_clk_IBUF_BUFG | U1_servo_encoder_con/U_tamakawa_interface1/tk_rx_byte[4]_i_1_n_0                 | U2_servo_encoder_con/U_tamakawa_interface2/SR[0]                       |                3 |              5 |         1.67 |
|  fpga_clk_IBUF_BUFG |                                                                                  | U2_servo_encoder_con/U_tamakawa_interface1/pf_edge_width[7]_i_1__1_n_0 |                3 |              8 |         2.67 |
|  fpga_clk_IBUF_BUFG |                                                                                  | U1_servo_encoder_con/U_tamakawa_interface2/pf_edge_width[7]_i_1__0_n_0 |                4 |              8 |         2.00 |
|  fpga_clk_IBUF_BUFG |                                                                                  | U_emif_con/preframe_detected0                                          |                4 |              8 |         2.00 |
|  fpga_clk_IBUF_BUFG |                                                                                  | U1_servo_encoder_con/U_tamakawa_interface1/pf_edge_width[7]_i_1_n_0    |                3 |              8 |         2.67 |
|  fpga_clk_IBUF_BUFG | U1_servo_encoder_con/U_tamakawa_interface1/tk_data_latch[7]_i_1__1_n_0           | U2_servo_encoder_con/U_tamakawa_interface2/SR[0]                       |                3 |              8 |         2.67 |
|  fpga_clk_IBUF_BUFG |                                                                                  | U2_servo_encoder_con/U_tamakawa_interface2/pf_edge_width[7]_i_1__2_n_0 |                3 |              8 |         2.67 |
|  fpga_clk_IBUF_BUFG | U1_servo_encoder_con/U_tamakawa_interface1/tk_rx_data[2]_4[0]                    | U2_servo_encoder_con/U_tamakawa_interface2/SR[0]                       |                1 |              8 |         8.00 |
|  fpga_clk_IBUF_BUFG | U1_servo_encoder_con/U_tamakawa_interface2/tk_rx_data[6]_21[0]                   | U2_servo_encoder_con/U_tamakawa_interface2/SR[0]                       |                3 |              8 |         2.67 |
|  fpga_clk_IBUF_BUFG | U1_servo_encoder_con/U_tamakawa_interface1/tk_rx_data[3]_5[0]                    | U2_servo_encoder_con/U_tamakawa_interface2/SR[0]                       |                1 |              8 |         8.00 |
|  fpga_clk_IBUF_BUFG | U1_servo_encoder_con/U_tamakawa_interface1/tk_rx_data[7][7]_i_1_n_0              | U2_servo_encoder_con/U_tamakawa_interface2/SR[0]                       |                2 |              8 |         4.00 |
|  fpga_clk_IBUF_BUFG | U2_servo_encoder_con/phase_b_filter[7]_i_1__0_n_0                                | U2_servo_encoder_con/U_tamakawa_interface2/SR[0]                       |                3 |              8 |         2.67 |
|  fpga_clk_IBUF_BUFG | U1_servo_encoder_con/U_tamakawa_interface2/pf_edge_cnt0                          | U_emif_con/soft_reset_lo_reg_1[0]                                      |                2 |              8 |         4.00 |
|  fpga_clk_IBUF_BUFG | U2_servo_encoder_con/hall_w_filter[7]_i_1__0_n_0                                 | U2_servo_encoder_con/U_tamakawa_interface2/SR[0]                       |                2 |              8 |         4.00 |
|  fpga_clk_IBUF_BUFG | U2_servo_encoder_con/phase_z_filter[7]_i_1__0_n_0                                | U2_servo_encoder_con/U_tamakawa_interface2/SR[0]                       |                3 |              8 |         2.67 |
|  fpga_clk_IBUF_BUFG | iresetn_IBUF                                                                     |                                                                        |                2 |              8 |         4.00 |
|  fpga_clk_IBUF_BUFG | U2_servo_encoder_con/phase_a_filter[7]_i_1__0_n_0                                | U2_servo_encoder_con/U_tamakawa_interface2/SR[0]                       |                3 |              8 |         2.67 |
|  fpga_clk_IBUF_BUFG | U2_servo_encoder_con/U_tamakawa_interface2/tk_rx_data[3]_18[0]                   | U2_servo_encoder_con/U_tamakawa_interface2/SR[0]                       |                2 |              8 |         4.00 |
|  fpga_clk_IBUF_BUFG | U2_servo_encoder_con/U_tamakawa_interface2/tk_rx_data[6]_21[0]                   | U2_servo_encoder_con/U_tamakawa_interface2/SR[0]                       |                1 |              8 |         8.00 |
|  fpga_clk_IBUF_BUFG | U1_servo_encoder_con/U_tamakawa_interface1/pf_edge_cnt0                          | U_emif_con/SR[0]                                                       |                2 |              8 |         4.00 |
|  fpga_clk_IBUF_BUFG | U2_servo_encoder_con/U_tamakawa_interface2/tk_rx_data[5]_20[0]                   | U2_servo_encoder_con/U_tamakawa_interface2/SR[0]                       |                1 |              8 |         8.00 |
|  fpga_clk_IBUF_BUFG | U2_servo_encoder_con/U_tamakawa_interface2/tk_rx_data[4]_19[0]                   | U2_servo_encoder_con/U_tamakawa_interface2/SR[0]                       |                1 |              8 |         8.00 |
|  fpga_clk_IBUF_BUFG | U1_servo_encoder_con/U_tamakawa_interface1/tk_rx_data[5]_7[0]                    | U2_servo_encoder_con/U_tamakawa_interface2/SR[0]                       |                1 |              8 |         8.00 |
|  fpga_clk_IBUF_BUFG | U1_servo_encoder_con/U_tamakawa_interface1/tk_rx_data[4]_6[0]                    | U2_servo_encoder_con/U_tamakawa_interface2/SR[0]                       |                1 |              8 |         8.00 |
|  fpga_clk_IBUF_BUFG | U1_servo_encoder_con/U_tamakawa_interface1/tk_rx_data[6]_8[0]                    | U2_servo_encoder_con/U_tamakawa_interface2/SR[0]                       |                2 |              8 |         4.00 |
|  fpga_clk_IBUF_BUFG | U1_servo_encoder_con/U_tamakawa_interface2/tk_data_latch[7]_i_1__2_n_0           | U2_servo_encoder_con/U_tamakawa_interface2/SR[0]                       |                2 |              8 |         4.00 |
|  fpga_clk_IBUF_BUFG | U2_servo_encoder_con/U_tamakawa_interface2/tk_rx_data[2]_17[0]                   | U2_servo_encoder_con/U_tamakawa_interface2/SR[0]                       |                2 |              8 |         4.00 |
|  fpga_clk_IBUF_BUFG | U1_servo_encoder_con/U_tamakawa_interface2/tk_rx_data[7][7]_i_1__0_n_0           | U2_servo_encoder_con/U_tamakawa_interface2/SR[0]                       |                2 |              8 |         4.00 |
|  fpga_clk_IBUF_BUFG | U1_servo_encoder_con/U_tamakawa_interface2/tk_rx_data[3]_18[0]                   | U2_servo_encoder_con/U_tamakawa_interface2/SR[0]                       |                2 |              8 |         4.00 |
|  fpga_clk_IBUF_BUFG | U1_servo_encoder_con/U_tamakawa_interface2/tk_rx_data[5]_20[0]                   | U2_servo_encoder_con/U_tamakawa_interface2/SR[0]                       |                3 |              8 |         2.67 |
|  fpga_clk_IBUF_BUFG | U1_servo_encoder_con/U_tamakawa_interface2/tk_rx_data[4]_19[0]                   | U2_servo_encoder_con/U_tamakawa_interface2/SR[0]                       |                1 |              8 |         8.00 |
|  fpga_clk_IBUF_BUFG | U1_servo_encoder_con/U_tamakawa_interface2/tk_rx_data[2]_17[0]                   | U2_servo_encoder_con/U_tamakawa_interface2/SR[0]                       |                1 |              8 |         8.00 |
|  fpga_clk_IBUF_BUFG | U2_servo_encoder_con/U_tamakawa_interface1/tk_rx_data[6]_8[0]                    | U2_servo_encoder_con/U_tamakawa_interface2/SR[0]                       |                2 |              8 |         4.00 |
|  fpga_clk_IBUF_BUFG | U1_servo_encoder_con/hall_w_filter[7]_i_1_n_0                                    | U2_servo_encoder_con/U_tamakawa_interface2/SR[0]                       |                3 |              8 |         2.67 |
|  fpga_clk_IBUF_BUFG | U1_servo_encoder_con/phase_b_filter[7]_i_1_n_0                                   | U2_servo_encoder_con/U_tamakawa_interface2/SR[0]                       |                3 |              8 |         2.67 |
|  fpga_clk_IBUF_BUFG | U1_servo_encoder_con/phase_z_filter[7]_i_1_n_0                                   | U2_servo_encoder_con/U_tamakawa_interface2/SR[0]                       |                3 |              8 |         2.67 |
|  fpga_clk_IBUF_BUFG | U1_servo_encoder_con/phase_a_filter[7]_i_1_n_0                                   | U2_servo_encoder_con/U_tamakawa_interface2/SR[0]                       |                3 |              8 |         2.67 |
|  fpga_clk_IBUF_BUFG | U2_servo_encoder_con/U_tamakawa_interface1/pf_edge_cnt0                          | U_emif_con/soft_reset_lo_reg_3[0]                                      |                2 |              8 |         4.00 |
|  fpga_clk_IBUF_BUFG | U2_servo_encoder_con/U_tamakawa_interface1/tk_data_latch[7]_i_1_n_0              | U2_servo_encoder_con/U_tamakawa_interface2/SR[0]                       |                2 |              8 |         4.00 |
|  fpga_clk_IBUF_BUFG | U2_servo_encoder_con/U_tamakawa_interface1/tk_rx_data[7][7]_i_1__1_n_0           | U2_servo_encoder_con/U_tamakawa_interface2/SR[0]                       |                3 |              8 |         2.67 |
|  fpga_clk_IBUF_BUFG | U2_servo_encoder_con/U_tamakawa_interface1/tk_rx_data[3]_5[0]                    | U2_servo_encoder_con/U_tamakawa_interface2/SR[0]                       |                2 |              8 |         4.00 |
|  fpga_clk_IBUF_BUFG | U2_servo_encoder_con/U_tamakawa_interface1/tk_rx_data[4]_6[0]                    | U2_servo_encoder_con/U_tamakawa_interface2/SR[0]                       |                2 |              8 |         4.00 |
|  fpga_clk_IBUF_BUFG | U2_servo_encoder_con/U_tamakawa_interface1/tk_rx_data[5]_7[0]                    | U2_servo_encoder_con/U_tamakawa_interface2/SR[0]                       |                2 |              8 |         4.00 |
|  fpga_clk_IBUF_BUFG | U2_servo_encoder_con/U_tamakawa_interface1/tk_rx_data[2]_4[0]                    | U2_servo_encoder_con/U_tamakawa_interface2/SR[0]                       |                2 |              8 |         4.00 |
|  fpga_clk_IBUF_BUFG | U2_servo_encoder_con/U_tamakawa_interface2/pf_edge_cnt0                          | U_emif_con/soft_reset_lo_reg_5[0]                                      |                2 |              8 |         4.00 |
|  fpga_clk_IBUF_BUFG | U2_servo_encoder_con/U_tamakawa_interface2/tk_rx_data[7][7]_i_1__2_n_0           | U2_servo_encoder_con/U_tamakawa_interface2/SR[0]                       |                2 |              8 |         4.00 |
|  fpga_clk_IBUF_BUFG | U2_servo_encoder_con/U_tamakawa_interface2/tk_data_latch[7]_i_1__0_n_0           | U2_servo_encoder_con/U_tamakawa_interface2/SR[0]                       |                2 |              8 |         4.00 |
|  fpga_clk_IBUF_BUFG | U_emif_con/mclk_lo_reg_8[0]                                                      | U2_servo_encoder_con/U_tamakawa_interface2/SR[0]                       |                2 |              9 |         4.50 |
|  fpga_clk_IBUF_BUFG | U1_servo_encoder_con/U_tamakawa_interface2/tx_time_interval__9[0]                | U2_servo_encoder_con/U_tamakawa_interface2/SR[0]                       |                3 |              9 |         3.00 |
|  fpga_clk_IBUF_BUFG | U1_servo_encoder_con/U_tamakawa_interface1/tx_time_interval__9[0]                | U2_servo_encoder_con/U_tamakawa_interface2/SR[0]                       |                4 |              9 |         2.25 |
|  fpga_clk_IBUF_BUFG | U_emif_con/mclk_lo_reg_6[0]                                                      | U2_servo_encoder_con/U_tamakawa_interface2/SR[0]                       |                2 |              9 |         4.50 |
|  fpga_clk_IBUF_BUFG | U_emif_con/mclk_lo_reg_5[0]                                                      | U2_servo_encoder_con/U_tamakawa_interface2/SR[0]                       |                2 |              9 |         4.50 |
|  fpga_clk_IBUF_BUFG | U2_servo_encoder_con/U_tamakawa_interface1/tx_time_interval__9[0]                | U2_servo_encoder_con/U_tamakawa_interface2/SR[0]                       |                3 |              9 |         3.00 |
|  fpga_clk_IBUF_BUFG | U2_servo_encoder_con/U_tamakawa_interface2/tx_time_interval__9[0]                | U2_servo_encoder_con/U_tamakawa_interface2/SR[0]                       |                3 |              9 |         3.00 |
|  fpga_clk_IBUF_BUFG | U_emif_con/E[0]                                                                  | U2_servo_encoder_con/U_tamakawa_interface2/SR[0]                       |                2 |              9 |         4.50 |
|  fpga_clk_IBUF_BUFG | U_emif_con/mclk_lo_reg_9[0]                                                      | U2_servo_encoder_con/U_tamakawa_interface2/SR[0]                       |                2 |              9 |         4.50 |
|  fpga_clk_IBUF_BUFG | U_emif_con/mclk_lo_reg_7[0]                                                      | U2_servo_encoder_con/U_tamakawa_interface2/SR[0]                       |                2 |              9 |         4.50 |
|  fpga_clk_IBUF_BUFG | U1_servo_encoder_con/U_tamakawa_interface1/tk_data_in[0]                         | U2_servo_encoder_con/U_tamakawa_interface2/SR[0]                       |                2 |             10 |         5.00 |
|  fpga_clk_IBUF_BUFG | U2_servo_encoder_con/U_tamakawa_interface2/tk_data_in[0]                         | U2_servo_encoder_con/U_tamakawa_interface2/SR[0]                       |                3 |             10 |         3.33 |
|  fpga_clk_IBUF_BUFG | U2_servo_encoder_con/U_tamakawa_interface1/tk_data_in[0]                         | U2_servo_encoder_con/U_tamakawa_interface2/SR[0]                       |                2 |             10 |         5.00 |
|  fpga_clk_IBUF_BUFG | U1_servo_encoder_con/U_tamakawa_interface2/tk_data_in[0]                         | U2_servo_encoder_con/U_tamakawa_interface2/SR[0]                       |                3 |             10 |         3.33 |
|  fpga_clk_IBUF_BUFG | U_spi_master/rx_buffer[13]_i_1_n_0                                               | U2_servo_encoder_con/U_tamakawa_interface2/SR[0]                       |                3 |             14 |         4.67 |
|  fpga_clk_IBUF_BUFG | U_spi_master/rx_data[13]_i_1_n_0                                                 | U2_servo_encoder_con/U_tamakawa_interface2/SR[0]                       |                4 |             14 |         3.50 |
|  fpga_clk_IBUF_BUFG | U_emif_con/universal_config_lo_reg[4]0                                           |                                                                        |                4 |             16 |         4.00 |
|  fpga_clk_IBUF_BUFG | U_emif_con/delta_sigma_config_lo[6][15]_i_1_n_0                                  | U2_servo_encoder_con/U_tamakawa_interface2/SR[0]                       |                5 |             16 |         3.20 |
|  fpga_clk_IBUF_BUFG | U1_servo_encoder_con/U_tamakawa_interface1/rx_time_interval[15]_i_1_n_0          | U2_servo_encoder_con/U_tamakawa_interface2/SR[0]                       |                7 |             16 |         2.29 |
|  fpga_clk_IBUF_BUFG | U1_servo_encoder_con/U_tamakawa_interface2/rx_time_interval[15]_i_1__0_n_0       | U2_servo_encoder_con/U_tamakawa_interface2/SR[0]                       |                5 |             16 |         3.20 |
|  fpga_clk_IBUF_BUFG | U_emif_con/counter_config_lo[4][15]_i_1_n_0                                      | U2_servo_encoder_con/U_tamakawa_interface2/SR[0]                       |                7 |             16 |         2.29 |
|  fpga_clk_IBUF_BUFG | U_emif_con/counter_config_lo[5][15]_i_1_n_0                                      | U2_servo_encoder_con/U_tamakawa_interface2/SR[0]                       |                5 |             16 |         3.20 |
|  fpga_clk_IBUF_BUFG | U_emif_con/counter_config_lo[6][15]_i_1_n_0                                      | U2_servo_encoder_con/U_tamakawa_interface2/SR[0]                       |                4 |             16 |         4.00 |
|  fpga_clk_IBUF_BUFG | U_emif_con/counter_config_lo[2][15]_i_1_n_0                                      | U2_servo_encoder_con/U_tamakawa_interface2/SR[0]                       |                5 |             16 |         3.20 |
|  fpga_clk_IBUF_BUFG | U_emif_con/read_cmd_index_lo[0]                                                  | U2_servo_encoder_con/U_tamakawa_interface2/SR[0]                       |                4 |             16 |         4.00 |
|  fpga_clk_IBUF_BUFG | U_emif_con/counter_config_lo[1][15]_i_1_n_0                                      | U2_servo_encoder_con/U_tamakawa_interface2/SR[0]                       |                6 |             16 |         2.67 |
|  fpga_clk_IBUF_BUFG | U_emif_con/counter_config_lo[3][15]_i_1_n_0                                      | U2_servo_encoder_con/U_tamakawa_interface2/SR[0]                       |                5 |             16 |         3.20 |
|  fpga_clk_IBUF_BUFG | U_emif_con/data_port_lo[31]_i_1_n_0                                              | U2_servo_encoder_con/U_tamakawa_interface2/SR[0]                       |                6 |             16 |         2.67 |
|  fpga_clk_IBUF_BUFG | U2_servo_encoder_con/U_tamakawa_interface1/rx_time_interval[15]_i_1__1_n_0       | U2_servo_encoder_con/U_tamakawa_interface2/SR[0]                       |                6 |             16 |         2.67 |
|  fpga_clk_IBUF_BUFG | U_emif_con/data_port_lo[15]_i_1_n_0                                              | U2_servo_encoder_con/U_tamakawa_interface2/SR[0]                       |                7 |             16 |         2.29 |
|  fpga_clk_IBUF_BUFG | U_emif_con/delta_sigma_config_lo[4][15]_i_1_n_0                                  | U2_servo_encoder_con/U_tamakawa_interface2/SR[0]                       |                5 |             16 |         3.20 |
|  fpga_clk_IBUF_BUFG | U_emif_con/universal_config_lo_reg[2]0                                           |                                                                        |                4 |             16 |         4.00 |
|  fpga_clk_IBUF_BUFG | U_emif_con/write_cmd_index_lo[0]                                                 | U2_servo_encoder_con/U_tamakawa_interface2/SR[0]                       |                4 |             16 |         4.00 |
|  fpga_clk_IBUF_BUFG | U_emif_con/delta_sigma_config_lo[2][15]_i_1_n_0                                  | U2_servo_encoder_con/U_tamakawa_interface2/SR[0]                       |                4 |             16 |         4.00 |
|  fpga_clk_IBUF_BUFG | U_emif_con/delta_sigma_config_lo[1][15]_i_1_n_0                                  | U2_servo_encoder_con/U_tamakawa_interface2/SR[0]                       |                4 |             16 |         4.00 |
|  fpga_clk_IBUF_BUFG | U_emif_con/delta_sigma_config_lo[3][15]_i_1_n_0                                  | U2_servo_encoder_con/U_tamakawa_interface2/SR[0]                       |                6 |             16 |         2.67 |
|  fpga_clk_IBUF_BUFG | U_emif_con/delta_sigma_config_lo[5][15]_i_1_n_0                                  | U2_servo_encoder_con/U_tamakawa_interface2/SR[0]                       |                6 |             16 |         2.67 |
|  fpga_clk_IBUF_BUFG | U_emif_con/gpio_out_lo[15]_i_1_n_0                                               | U2_servo_encoder_con/U_tamakawa_interface2/SR[0]                       |               10 |             16 |         1.60 |
|  fpga_clk_IBUF_BUFG | U_emif_con/servo_io_out_lo[15]_i_1_n_0                                           | U2_servo_encoder_con/U_tamakawa_interface2/SR[0]                       |               12 |             16 |         1.33 |
|  fpga_clk_IBUF_BUFG | U_emif_con/universal_config_lo_reg[1]0                                           |                                                                        |                3 |             16 |         5.33 |
|  fpga_clk_IBUF_BUFG | U_emif_con/universal_config_lo_reg[6]0                                           |                                                                        |                5 |             16 |         3.20 |
|  fpga_clk_IBUF_BUFG | U_emif_con/universal_config_lo_reg[3]0                                           |                                                                        |                2 |             16 |         8.00 |
|  fpga_clk_IBUF_BUFG | U2_servo_encoder_con/U_tamakawa_interface2/rx_time_interval[15]_i_1__2_n_0       | U2_servo_encoder_con/U_tamakawa_interface2/SR[0]                       |                7 |             16 |         2.29 |
|  fpga_clk_IBUF_BUFG | U_emif_con/universal_config_lo_reg[8]0                                           |                                                                        |                8 |             16 |         2.00 |
|  fpga_clk_IBUF_BUFG | U_emif_con/spi_config_lo[15]_i_1_n_0                                             | U2_servo_encoder_con/U_tamakawa_interface2/SR[0]                       |                6 |             16 |         2.67 |
|  fpga_clk_IBUF_BUFG | U_emif_con/universal_config_lo_reg[5]0                                           |                                                                        |                4 |             16 |         4.00 |
|  fpga_clk_IBUF_BUFG | U_emif_con/universal_config_lo_reg[7]0                                           |                                                                        |                3 |             16 |         5.33 |
|  fpga_clk_IBUF_BUFG | delta_sigma_mapping[3].U_delta_sigma/mclk_rising                                 | U2_servo_encoder_con/U_tamakawa_interface2/SR[0]                       |                7 |             25 |         3.57 |
|  fpga_clk_IBUF_BUFG | delta_sigma_mapping[2].U_delta_sigma/mclk_rising                                 | U2_servo_encoder_con/U_tamakawa_interface2/SR[0]                       |                7 |             25 |         3.57 |
|  fpga_clk_IBUF_BUFG | delta_sigma_mapping[6].U_delta_sigma/mclk_rising                                 | U2_servo_encoder_con/U_tamakawa_interface2/SR[0]                       |                7 |             25 |         3.57 |
|  fpga_clk_IBUF_BUFG | delta_sigma_mapping[1].U_delta_sigma/mclk_rising                                 | U2_servo_encoder_con/U_tamakawa_interface2/SR[0]                       |                7 |             25 |         3.57 |
|  fpga_clk_IBUF_BUFG | delta_sigma_mapping[4].U_delta_sigma/mclk_rising                                 | U2_servo_encoder_con/U_tamakawa_interface2/SR[0]                       |                7 |             25 |         3.57 |
|  fpga_clk_IBUF_BUFG | delta_sigma_mapping[5].U_delta_sigma/mclk_rising                                 | U2_servo_encoder_con/U_tamakawa_interface2/SR[0]                       |                7 |             25 |         3.57 |
|  fpga_clk_IBUF_BUFG | U_emif_con/i_sa_latch0                                                           | U2_servo_encoder_con/U_tamakawa_interface2/SR[0]                       |                7 |             30 |         4.29 |
|  fpga_clk_IBUF_BUFG | U_emif_con/write_addr_2nd[0]                                                     | U2_servo_encoder_con/U_tamakawa_interface2/SR[0]                       |                6 |             30 |         5.00 |
|  fpga_clk_IBUF_BUFG | U_emif_con/write_addr_lo__0[0]                                                   | U2_servo_encoder_con/U_tamakawa_interface2/SR[0]                       |                7 |             30 |         4.29 |
|  fpga_clk_IBUF_BUFG | U_spi_master/count0                                                              | U_spi_master/p_1_in[2]                                                 |                8 |             30 |         3.75 |
|  fpga_clk_IBUF_BUFG | U_emif_con/write_exe_lo_i_1_n_0                                                  | U2_servo_encoder_con/U_tamakawa_interface2/SR[0]                       |                5 |             31 |         6.20 |
|  fpga_clk_IBUF_BUFG | U_emif_con/sel0[16]                                                              | U2_servo_encoder_con/U_tamakawa_interface2/SR[0]                       |               11 |             32 |         2.91 |
|  fpga_clk_IBUF_BUFG | U_emif_con/counter_load_exe_reg[3]_0                                             | U2_servo_encoder_con/U_tamakawa_interface2/SR[0]                       |                8 |             32 |         4.00 |
|  fpga_clk_IBUF_BUFG | U1_servo_encoder_con/cnt_enc_local[0]_i_1_n_0                                    | U2_servo_encoder_con/U_tamakawa_interface2/SR[0]                       |                8 |             32 |         4.00 |
|  fpga_clk_IBUF_BUFG | U_emif_con/read_cmd_exe_lo_reg_n_0                                               | U2_servo_encoder_con/U_tamakawa_interface2/SR[0]                       |               19 |             32 |         1.68 |
|  fpga_clk_IBUF_BUFG | U2_servo_encoder_con/U_tamakawa_interface1/multi_turn_lo[0]                      | U2_servo_encoder_con/U_tamakawa_interface2/SR[0]                       |               11 |             48 |         4.36 |
|  fpga_clk_IBUF_BUFG | U1_servo_encoder_con/U_tamakawa_interface2/multi_turn_lo[0]                      | U2_servo_encoder_con/U_tamakawa_interface2/SR[0]                       |               10 |             48 |         4.80 |
|  fpga_clk_IBUF_BUFG | U1_servo_encoder_con/U_tamakawa_interface1/multi_turn_lo[0]                      | U2_servo_encoder_con/U_tamakawa_interface2/SR[0]                       |               10 |             48 |         4.80 |
|  fpga_clk_IBUF_BUFG | U2_servo_encoder_con/U_tamakawa_interface2/multi_turn_lo[0]                      | U2_servo_encoder_con/U_tamakawa_interface2/SR[0]                       |               11 |             48 |         4.36 |
|  fpga_clk_IBUF_BUFG | U1_servo_encoder_con/U_tamakawa_interface1/tk_tx_data[25]_3[0]                   | U2_servo_encoder_con/U_tamakawa_interface2/SR[0]                       |                8 |             49 |         6.12 |
|  fpga_clk_IBUF_BUFG | U1_servo_encoder_con/U_tamakawa_interface2/tk_tx_data[25]_16[0]                  | U2_servo_encoder_con/U_tamakawa_interface2/SR[0]                       |               11 |             49 |         4.45 |
|  fpga_clk_IBUF_BUFG | U2_servo_encoder_con/U_tamakawa_interface1/tk_tx_data[25]_3[0]                   | U2_servo_encoder_con/U_tamakawa_interface2/SR[0]                       |               12 |             49 |         4.08 |
|  fpga_clk_IBUF_BUFG | U2_servo_encoder_con/U_tamakawa_interface2/tk_tx_data[25]_16[0]                  | U2_servo_encoder_con/U_tamakawa_interface2/SR[0]                       |               12 |             49 |         4.08 |
|  fpga_clk_IBUF_BUFG | delta_sigma_mapping[6].U_delta_sigma/sel                                         | U2_servo_encoder_con/U_tamakawa_interface2/SR[0]                       |               14 |             50 |         3.57 |
|  fpga_clk_IBUF_BUFG | delta_sigma_mapping[2].U_delta_sigma/sel                                         | U2_servo_encoder_con/U_tamakawa_interface2/SR[0]                       |               14 |             50 |         3.57 |
|  fpga_clk_IBUF_BUFG | delta_sigma_mapping[1].U_delta_sigma/sel                                         | U2_servo_encoder_con/U_tamakawa_interface2/SR[0]                       |               14 |             50 |         3.57 |
|  fpga_clk_IBUF_BUFG | delta_sigma_mapping[3].U_delta_sigma/sel                                         | U2_servo_encoder_con/U_tamakawa_interface2/SR[0]                       |               14 |             50 |         3.57 |
|  fpga_clk_IBUF_BUFG | delta_sigma_mapping[4].U_delta_sigma/sel                                         | U2_servo_encoder_con/U_tamakawa_interface2/SR[0]                       |               14 |             50 |         3.57 |
|  fpga_clk_IBUF_BUFG | delta_sigma_mapping[5].U_delta_sigma/sel                                         | U2_servo_encoder_con/U_tamakawa_interface2/SR[0]                       |               14 |             50 |         3.57 |
|  fpga_clk_IBUF_BUFG |                                                                                  |                                                                        |               34 |             69 |         2.03 |
|  fpga_clk_IBUF_BUFG | delta_sigma_mapping[2].U_delta_sigma/cnr_event_reg_n_0                           | U2_servo_encoder_con/U_tamakawa_interface2/SR[0]                       |               22 |            100 |         4.55 |
|  fpga_clk_IBUF_BUFG | delta_sigma_mapping[1].U_delta_sigma/cnr_event_reg_n_0                           | U2_servo_encoder_con/U_tamakawa_interface2/SR[0]                       |               29 |            100 |         3.45 |
|  fpga_clk_IBUF_BUFG | delta_sigma_mapping[3].U_delta_sigma/cnr_event_reg_n_0                           | U2_servo_encoder_con/U_tamakawa_interface2/SR[0]                       |               22 |            100 |         4.55 |
|  fpga_clk_IBUF_BUFG | delta_sigma_mapping[4].U_delta_sigma/cnr_event_reg_n_0                           | U2_servo_encoder_con/U_tamakawa_interface2/SR[0]                       |               21 |            100 |         4.76 |
|  fpga_clk_IBUF_BUFG | delta_sigma_mapping[6].U_delta_sigma/cnr_event_reg_n_0                           | U2_servo_encoder_con/U_tamakawa_interface2/SR[0]                       |               21 |            100 |         4.76 |
|  fpga_clk_IBUF_BUFG | delta_sigma_mapping[5].U_delta_sigma/cnr_event_reg_n_0                           | U2_servo_encoder_con/U_tamakawa_interface2/SR[0]                       |               20 |            100 |         5.00 |
|  fpga_clk_IBUF_BUFG |                                                                                  | U2_servo_encoder_con/U_tamakawa_interface2/SR[0]                       |              147 |            451 |         3.07 |
+---------------------+----------------------------------------------------------------------------------+------------------------------------------------------------------------+------------------+----------------+--------------+


