Copyright 1986-2022 Xilinx, Inc. All Rights Reserved. Copyright 2022-2025 Advanced Micro Devices, Inc. All Rights Reserved.
--------------------------------------------------------------------------------------------------------------------------------------------------------------------------------
| Tool Version : Vivado v.2025.2 (win64) Build 6299465 Fri Nov 14 19:35:11 GMT 2025
| Date         : Fri Apr 24 10:05:20 2026
| Host         : DESKTOP-GNEDNNB running 64-bit major release  (build 9200)
| Command      : report_methodology -file servo_enc_v1_0_methodology_drc_routed.rpt -pb servo_enc_v1_0_methodology_drc_routed.pb -rpx servo_enc_v1_0_methodology_drc_routed.rpx
| Design       : servo_enc_v1_0
| Device       : xc7s15ftgb196-1
| Speed File   : -1
| Design State : Fully Routed
--------------------------------------------------------------------------------------------------------------------------------------------------------------------------------

Report Methodology

Table of Contents
-----------------
1. REPORT SUMMARY
2. REPORT DETAILS

1. REPORT SUMMARY
-----------------
            Netlist: netlist
          Floorplan: design_1
      Design limits: <entire design considered>
             Max checks: <unlimited>
             Checks found: 105
+-----------+----------+---------------------------------------------+--------+
| Rule      | Severity | Description                                 | Checks |
+-----------+----------+---------------------------------------------+--------+
| LUTAR-1   | Warning  | LUT drives async reset alert                | 4      |
| TIMING-18 | Warning  | Missing input or output delay               | 98     |
| ULMTCS-1  | Warning  | Control Sets use limits recommend reduction | 1      |
| XDCB-5    | Warning  | Runtime inefficient way to find pin objects | 2      |
+-----------+----------+---------------------------------------------+--------+

2. REPORT DETAILS
-----------------
LUTAR-1#1 Warning
LUT drives async reset alert  
LUT cell dbg_hub/inst/BSCANID.u_xsdbm_id/CORE_XSDB.UUT_MASTER/U_ICON_INTERFACE/U_CMD6_RD/U_RD_FIFO/SUBCORE_FIFO.xsdbm_v3_0_5_rdfifo_inst/inst_fifo_gen/gconvfifo.rf/grf.rf/rstblk/ngwrdrst.grst.g7serrst.gwrrd_rst_sync_stage[2].rrst_inst/ngwrdrst.grst.g7serrst.rd_rst_reg[2]_i_1, with 2 or more inputs, drives asynchronous preset/clear pin(s) dbg_hub/inst/BSCANID.u_xsdbm_id/CORE_XSDB.UUT_MASTER/U_ICON_INTERFACE/U_CMD6_RD/U_RD_FIFO/SUBCORE_FIFO.xsdbm_v3_0_5_rdfifo_inst/inst_fifo_gen/gconvfifo.rf/grf.rf/rstblk/ngwrdrst.grst.g7serrst.rd_rst_reg_reg[0]/PRE,
dbg_hub/inst/BSCANID.u_xsdbm_id/CORE_XSDB.UUT_MASTER/U_ICON_INTERFACE/U_CMD6_RD/U_RD_FIFO/SUBCORE_FIFO.xsdbm_v3_0_5_rdfifo_inst/inst_fifo_gen/gconvfifo.rf/grf.rf/rstblk/ngwrdrst.grst.g7serrst.rd_rst_reg_reg[1]/PRE
dbg_hub/inst/BSCANID.u_xsdbm_id/CORE_XSDB.UUT_MASTER/U_ICON_INTERFACE/U_CMD6_RD/U_RD_FIFO/SUBCORE_FIFO.xsdbm_v3_0_5_rdfifo_inst/inst_fifo_gen/gconvfifo.rf/grf.rf/rstblk/ngwrdrst.grst.g7serrst.rd_rst_reg_reg[2]/PRE. The LUT may glitch and trigger an unexpected reset, even if it is a properly timed path.
Related violations: <none>

LUTAR-1#2 Warning
LUT drives async reset alert  
LUT cell dbg_hub/inst/BSCANID.u_xsdbm_id/CORE_XSDB.UUT_MASTER/U_ICON_INTERFACE/U_CMD6_RD/U_RD_FIFO/SUBCORE_FIFO.xsdbm_v3_0_5_rdfifo_inst/inst_fifo_gen/gconvfifo.rf/grf.rf/rstblk/ngwrdrst.grst.g7serrst.gwrrd_rst_sync_stage[2].wrst_inst/ngwrdrst.grst.g7serrst.wr_rst_reg[2]_i_1, with 2 or more inputs, drives asynchronous preset/clear pin(s) dbg_hub/inst/BSCANID.u_xsdbm_id/CORE_XSDB.UUT_MASTER/U_ICON_INTERFACE/U_CMD6_RD/U_RD_FIFO/SUBCORE_FIFO.xsdbm_v3_0_5_rdfifo_inst/inst_fifo_gen/gconvfifo.rf/grf.rf/rstblk/ngwrdrst.grst.g7serrst.wr_rst_reg_reg[0]/PRE,
dbg_hub/inst/BSCANID.u_xsdbm_id/CORE_XSDB.UUT_MASTER/U_ICON_INTERFACE/U_CMD6_RD/U_RD_FIFO/SUBCORE_FIFO.xsdbm_v3_0_5_rdfifo_inst/inst_fifo_gen/gconvfifo.rf/grf.rf/rstblk/ngwrdrst.grst.g7serrst.wr_rst_reg_reg[1]/PRE
dbg_hub/inst/BSCANID.u_xsdbm_id/CORE_XSDB.UUT_MASTER/U_ICON_INTERFACE/U_CMD6_RD/U_RD_FIFO/SUBCORE_FIFO.xsdbm_v3_0_5_rdfifo_inst/inst_fifo_gen/gconvfifo.rf/grf.rf/rstblk/ngwrdrst.grst.g7serrst.wr_rst_reg_reg[2]/PRE. The LUT may glitch and trigger an unexpected reset, even if it is a properly timed path.
Related violations: <none>

LUTAR-1#3 Warning
LUT drives async reset alert  
LUT cell dbg_hub/inst/BSCANID.u_xsdbm_id/CORE_XSDB.UUT_MASTER/U_ICON_INTERFACE/U_CMD6_WR/U_WR_FIFO/SUBCORE_FIFO.xsdbm_v3_0_5_wrfifo_inst/inst_fifo_gen/gconvfifo.rf/grf.rf/rstblk/ngwrdrst.grst.g7serrst.gwrrd_rst_sync_stage[2].rrst_inst/ngwrdrst.grst.g7serrst.rd_rst_reg[2]_i_1, with 2 or more inputs, drives asynchronous preset/clear pin(s) dbg_hub/inst/BSCANID.u_xsdbm_id/CORE_XSDB.UUT_MASTER/U_ICON_INTERFACE/U_CMD6_WR/U_WR_FIFO/SUBCORE_FIFO.xsdbm_v3_0_5_wrfifo_inst/inst_fifo_gen/gconvfifo.rf/grf.rf/rstblk/ngwrdrst.grst.g7serrst.rd_rst_reg_reg[0]/PRE,
dbg_hub/inst/BSCANID.u_xsdbm_id/CORE_XSDB.UUT_MASTER/U_ICON_INTERFACE/U_CMD6_WR/U_WR_FIFO/SUBCORE_FIFO.xsdbm_v3_0_5_wrfifo_inst/inst_fifo_gen/gconvfifo.rf/grf.rf/rstblk/ngwrdrst.grst.g7serrst.rd_rst_reg_reg[1]/PRE
dbg_hub/inst/BSCANID.u_xsdbm_id/CORE_XSDB.UUT_MASTER/U_ICON_INTERFACE/U_CMD6_WR/U_WR_FIFO/SUBCORE_FIFO.xsdbm_v3_0_5_wrfifo_inst/inst_fifo_gen/gconvfifo.rf/grf.rf/rstblk/ngwrdrst.grst.g7serrst.rd_rst_reg_reg[2]/PRE. The LUT may glitch and trigger an unexpected reset, even if it is a properly timed path.
Related violations: <none>

LUTAR-1#4 Warning
LUT drives async reset alert  
LUT cell dbg_hub/inst/BSCANID.u_xsdbm_id/CORE_XSDB.UUT_MASTER/U_ICON_INTERFACE/U_CMD6_WR/U_WR_FIFO/SUBCORE_FIFO.xsdbm_v3_0_5_wrfifo_inst/inst_fifo_gen/gconvfifo.rf/grf.rf/rstblk/ngwrdrst.grst.g7serrst.gwrrd_rst_sync_stage[2].wrst_inst/ngwrdrst.grst.g7serrst.wr_rst_reg[2]_i_1, with 2 or more inputs, drives asynchronous preset/clear pin(s) dbg_hub/inst/BSCANID.u_xsdbm_id/CORE_XSDB.UUT_MASTER/U_ICON_INTERFACE/U_CMD6_WR/U_WR_FIFO/SUBCORE_FIFO.xsdbm_v3_0_5_wrfifo_inst/inst_fifo_gen/gconvfifo.rf/grf.rf/rstblk/ngwrdrst.grst.g7serrst.wr_rst_reg_reg[0]/PRE,
dbg_hub/inst/BSCANID.u_xsdbm_id/CORE_XSDB.UUT_MASTER/U_ICON_INTERFACE/U_CMD6_WR/U_WR_FIFO/SUBCORE_FIFO.xsdbm_v3_0_5_wrfifo_inst/inst_fifo_gen/gconvfifo.rf/grf.rf/rstblk/ngwrdrst.grst.g7serrst.wr_rst_reg_reg[1]/PRE
dbg_hub/inst/BSCANID.u_xsdbm_id/CORE_XSDB.UUT_MASTER/U_ICON_INTERFACE/U_CMD6_WR/U_WR_FIFO/SUBCORE_FIFO.xsdbm_v3_0_5_wrfifo_inst/inst_fifo_gen/gconvfifo.rf/grf.rf/rstblk/ngwrdrst.grst.g7serrst.wr_rst_reg_reg[2]/PRE. The LUT may glitch and trigger an unexpected reset, even if it is a properly timed path.
Related violations: <none>

TIMING-18#1 Warning
Missing input or output delay  
An input delay is missing on enc_a_cnt1 relative to the rising and/or falling clock edge(s) of fpge_clk.
Related violations: <none>

TIMING-18#2 Warning
Missing input or output delay  
An input delay is missing on enc_a_cnt2 relative to the rising and/or falling clock edge(s) of fpge_clk.
Related violations: <none>

TIMING-18#3 Warning
Missing input or output delay  
An input delay is missing on enc_b_cnt1 relative to the rising and/or falling clock edge(s) of fpge_clk.
Related violations: <none>

TIMING-18#4 Warning
Missing input or output delay  
An input delay is missing on enc_b_cnt2 relative to the rising and/or falling clock edge(s) of fpge_clk.
Related violations: <none>

TIMING-18#5 Warning
Missing input or output delay  
An input delay is missing on enc_c_cnt1 relative to the rising and/or falling clock edge(s) of fpge_clk.
Related violations: <none>

TIMING-18#6 Warning
Missing input or output delay  
An input delay is missing on enc_c_cnt2 relative to the rising and/or falling clock edge(s) of fpge_clk.
Related violations: <none>

TIMING-18#7 Warning
Missing input or output delay  
An input delay is missing on fan_status relative to the rising and/or falling clock edge(s) of fpge_clk.
Related violations: <none>

TIMING-18#8 Warning
Missing input or output delay  
An input delay is missing on fdm relative to the rising and/or falling clock edge(s) of fpge_clk.
Related violations: <none>

TIMING-18#9 Warning
Missing input or output delay  
An input delay is missing on fmc_ab[0] relative to the rising and/or falling clock edge(s) of fpge_clk.
Related violations: <none>

TIMING-18#10 Warning
Missing input or output delay  
An input delay is missing on fmc_ab[10] relative to the rising and/or falling clock edge(s) of fpge_clk.
Related violations: <none>

TIMING-18#11 Warning
Missing input or output delay  
An input delay is missing on fmc_ab[11] relative to the rising and/or falling clock edge(s) of fpge_clk.
Related violations: <none>

TIMING-18#12 Warning
Missing input or output delay  
An input delay is missing on fmc_ab[12] relative to the rising and/or falling clock edge(s) of fpge_clk.
Related violations: <none>

TIMING-18#13 Warning
Missing input or output delay  
An input delay is missing on fmc_ab[13] relative to the rising and/or falling clock edge(s) of fpge_clk.
Related violations: <none>

TIMING-18#14 Warning
Missing input or output delay  
An input delay is missing on fmc_ab[1] relative to the rising and/or falling clock edge(s) of fpge_clk.
Related violations: <none>

TIMING-18#15 Warning
Missing input or output delay  
An input delay is missing on fmc_ab[2] relative to the rising and/or falling clock edge(s) of fpge_clk.
Related violations: <none>

TIMING-18#16 Warning
Missing input or output delay  
An input delay is missing on fmc_ab[3] relative to the rising and/or falling clock edge(s) of fpge_clk.
Related violations: <none>

TIMING-18#17 Warning
Missing input or output delay  
An input delay is missing on fmc_ab[4] relative to the rising and/or falling clock edge(s) of fpge_clk.
Related violations: <none>

TIMING-18#18 Warning
Missing input or output delay  
An input delay is missing on fmc_ab[5] relative to the rising and/or falling clock edge(s) of fpge_clk.
Related violations: <none>

TIMING-18#19 Warning
Missing input or output delay  
An input delay is missing on fmc_ab[6] relative to the rising and/or falling clock edge(s) of fpge_clk.
Related violations: <none>

TIMING-18#20 Warning
Missing input or output delay  
An input delay is missing on fmc_ab[7] relative to the rising and/or falling clock edge(s) of fpge_clk.
Related violations: <none>

TIMING-18#21 Warning
Missing input or output delay  
An input delay is missing on fmc_ab[8] relative to the rising and/or falling clock edge(s) of fpge_clk.
Related violations: <none>

TIMING-18#22 Warning
Missing input or output delay  
An input delay is missing on fmc_ab[9] relative to the rising and/or falling clock edge(s) of fpge_clk.
Related violations: <none>

TIMING-18#23 Warning
Missing input or output delay  
An input delay is missing on fmc_csn relative to the rising and/or falling clock edge(s) of fpge_clk.
Related violations: <none>

TIMING-18#24 Warning
Missing input or output delay  
An input delay is missing on fmc_db[0] relative to the rising and/or falling clock edge(s) of fpge_clk.
Related violations: <none>

TIMING-18#25 Warning
Missing input or output delay  
An input delay is missing on fmc_db[10] relative to the rising and/or falling clock edge(s) of fpge_clk.
Related violations: <none>

TIMING-18#26 Warning
Missing input or output delay  
An input delay is missing on fmc_db[11] relative to the rising and/or falling clock edge(s) of fpge_clk.
Related violations: <none>

TIMING-18#27 Warning
Missing input or output delay  
An input delay is missing on fmc_db[12] relative to the rising and/or falling clock edge(s) of fpge_clk.
Related violations: <none>

TIMING-18#28 Warning
Missing input or output delay  
An input delay is missing on fmc_db[13] relative to the rising and/or falling clock edge(s) of fpge_clk.
Related violations: <none>

TIMING-18#29 Warning
Missing input or output delay  
An input delay is missing on fmc_db[14] relative to the rising and/or falling clock edge(s) of fpge_clk.
Related violations: <none>

TIMING-18#30 Warning
Missing input or output delay  
An input delay is missing on fmc_db[15] relative to the rising and/or falling clock edge(s) of fpge_clk.
Related violations: <none>

TIMING-18#31 Warning
Missing input or output delay  
An input delay is missing on fmc_db[1] relative to the rising and/or falling clock edge(s) of fpge_clk.
Related violations: <none>

TIMING-18#32 Warning
Missing input or output delay  
An input delay is missing on fmc_db[2] relative to the rising and/or falling clock edge(s) of fpge_clk.
Related violations: <none>

TIMING-18#33 Warning
Missing input or output delay  
An input delay is missing on fmc_db[3] relative to the rising and/or falling clock edge(s) of fpge_clk.
Related violations: <none>

TIMING-18#34 Warning
Missing input or output delay  
An input delay is missing on fmc_db[4] relative to the rising and/or falling clock edge(s) of fpge_clk.
Related violations: <none>

TIMING-18#35 Warning
Missing input or output delay  
An input delay is missing on fmc_db[5] relative to the rising and/or falling clock edge(s) of fpge_clk.
Related violations: <none>

TIMING-18#36 Warning
Missing input or output delay  
An input delay is missing on fmc_db[6] relative to the rising and/or falling clock edge(s) of fpge_clk.
Related violations: <none>

TIMING-18#37 Warning
Missing input or output delay  
An input delay is missing on fmc_db[7] relative to the rising and/or falling clock edge(s) of fpge_clk.
Related violations: <none>

TIMING-18#38 Warning
Missing input or output delay  
An input delay is missing on fmc_db[8] relative to the rising and/or falling clock edge(s) of fpge_clk.
Related violations: <none>

TIMING-18#39 Warning
Missing input or output delay  
An input delay is missing on fmc_db[9] relative to the rising and/or falling clock edge(s) of fpge_clk.
Related violations: <none>

TIMING-18#40 Warning
Missing input or output delay  
An input delay is missing on fmc_rdn relative to the rising and/or falling clock edge(s) of fpge_clk.
Related violations: <none>

TIMING-18#41 Warning
Missing input or output delay  
An input delay is missing on fmc_wrn relative to the rising and/or falling clock edge(s) of fpge_clk.
Related violations: <none>

TIMING-18#42 Warning
Missing input or output delay  
An input delay is missing on hall_w_cnt1 relative to the rising and/or falling clock edge(s) of fpge_clk.
Related violations: <none>

TIMING-18#43 Warning
Missing input or output delay  
An input delay is missing on hall_w_cnt2 relative to the rising and/or falling clock edge(s) of fpge_clk.
Related violations: <none>

TIMING-18#44 Warning
Missing input or output delay  
An input delay is missing on ipm_fault relative to the rising and/or falling clock edge(s) of fpge_clk.
Related violations: <none>

TIMING-18#45 Warning
Missing input or output delay  
An input delay is missing on iresetn relative to the rising and/or falling clock edge(s) of fpge_clk.
Related violations: <none>

TIMING-18#46 Warning
Missing input or output delay  
An input delay is missing on ntc_sdi relative to the rising and/or falling clock edge(s) of fpge_clk.
Related violations: <none>

TIMING-18#47 Warning
Missing input or output delay  
An input delay is missing on power_fault relative to the rising and/or falling clock edge(s) of fpge_clk.
Related violations: <none>

TIMING-18#48 Warning
Missing input or output delay  
An input delay is missing on sto1 relative to the rising and/or falling clock edge(s) of fpge_clk.
Related violations: <none>

TIMING-18#49 Warning
Missing input or output delay  
An input delay is missing on sto2 relative to the rising and/or falling clock edge(s) of fpge_clk.
Related violations: <none>

TIMING-18#50 Warning
Missing input or output delay  
An input delay is missing on uart_rx_cnt1_1 relative to the rising and/or falling clock edge(s) of fpge_clk.
Related violations: <none>

TIMING-18#51 Warning
Missing input or output delay  
An input delay is missing on uart_rx_cnt1_2 relative to the rising and/or falling clock edge(s) of fpge_clk.
Related violations: <none>

TIMING-18#52 Warning
Missing input or output delay  
An input delay is missing on uart_rx_cnt2_1 relative to the rising and/or falling clock edge(s) of fpge_clk.
Related violations: <none>

TIMING-18#53 Warning
Missing input or output delay  
An input delay is missing on uart_rx_cnt2_2 relative to the rising and/or falling clock edge(s) of fpge_clk.
Related violations: <none>

TIMING-18#54 Warning
Missing input or output delay  
An output delay is missing on dbr_rly relative to the rising and/or falling clock edge(s) of fpge_clk.
Related violations: <none>

TIMING-18#55 Warning
Missing input or output delay  
An output delay is missing on ds_clk_out[1] relative to the rising and/or falling clock edge(s) of fpge_clk.
Related violations: <none>

TIMING-18#56 Warning
Missing input or output delay  
An output delay is missing on ds_clk_out[2] relative to the rising and/or falling clock edge(s) of fpge_clk.
Related violations: <none>

TIMING-18#57 Warning
Missing input or output delay  
An output delay is missing on ds_clk_out[3] relative to the rising and/or falling clock edge(s) of fpge_clk.
Related violations: <none>

TIMING-18#58 Warning
Missing input or output delay  
An output delay is missing on ds_clk_out[4] relative to the rising and/or falling clock edge(s) of fpge_clk.
Related violations: <none>

TIMING-18#59 Warning
Missing input or output delay  
An output delay is missing on ds_clk_out[5] relative to the rising and/or falling clock edge(s) of fpge_clk.
Related violations: <none>

TIMING-18#60 Warning
Missing input or output delay  
An output delay is missing on ds_clk_out[6] relative to the rising and/or falling clock edge(s) of fpge_clk.
Related violations: <none>

TIMING-18#61 Warning
Missing input or output delay  
An output delay is missing on fan_enable relative to the rising and/or falling clock edge(s) of fpge_clk.
Related violations: <none>

TIMING-18#62 Warning
Missing input or output delay  
An output delay is missing on fmc_db[0] relative to the rising and/or falling clock edge(s) of fpge_clk.
Related violations: <none>

TIMING-18#63 Warning
Missing input or output delay  
An output delay is missing on fmc_db[10] relative to the rising and/or falling clock edge(s) of fpge_clk.
Related violations: <none>

TIMING-18#64 Warning
Missing input or output delay  
An output delay is missing on fmc_db[11] relative to the rising and/or falling clock edge(s) of fpge_clk.
Related violations: <none>

TIMING-18#65 Warning
Missing input or output delay  
An output delay is missing on fmc_db[12] relative to the rising and/or falling clock edge(s) of fpge_clk.
Related violations: <none>

TIMING-18#66 Warning
Missing input or output delay  
An output delay is missing on fmc_db[13] relative to the rising and/or falling clock edge(s) of fpge_clk.
Related violations: <none>

TIMING-18#67 Warning
Missing input or output delay  
An output delay is missing on fmc_db[14] relative to the rising and/or falling clock edge(s) of fpge_clk.
Related violations: <none>

TIMING-18#68 Warning
Missing input or output delay  
An output delay is missing on fmc_db[15] relative to the rising and/or falling clock edge(s) of fpge_clk.
Related violations: <none>

TIMING-18#69 Warning
Missing input or output delay  
An output delay is missing on fmc_db[1] relative to the rising and/or falling clock edge(s) of fpge_clk.
Related violations: <none>

TIMING-18#70 Warning
Missing input or output delay  
An output delay is missing on fmc_db[2] relative to the rising and/or falling clock edge(s) of fpge_clk.
Related violations: <none>

TIMING-18#71 Warning
Missing input or output delay  
An output delay is missing on fmc_db[3] relative to the rising and/or falling clock edge(s) of fpge_clk.
Related violations: <none>

TIMING-18#72 Warning
Missing input or output delay  
An output delay is missing on fmc_db[4] relative to the rising and/or falling clock edge(s) of fpge_clk.
Related violations: <none>

TIMING-18#73 Warning
Missing input or output delay  
An output delay is missing on fmc_db[5] relative to the rising and/or falling clock edge(s) of fpge_clk.
Related violations: <none>

TIMING-18#74 Warning
Missing input or output delay  
An output delay is missing on fmc_db[6] relative to the rising and/or falling clock edge(s) of fpge_clk.
Related violations: <none>

TIMING-18#75 Warning
Missing input or output delay  
An output delay is missing on fmc_db[7] relative to the rising and/or falling clock edge(s) of fpge_clk.
Related violations: <none>

TIMING-18#76 Warning
Missing input or output delay  
An output delay is missing on fmc_db[8] relative to the rising and/or falling clock edge(s) of fpge_clk.
Related violations: <none>

TIMING-18#77 Warning
Missing input or output delay  
An output delay is missing on fmc_db[9] relative to the rising and/or falling clock edge(s) of fpge_clk.
Related violations: <none>

TIMING-18#78 Warning
Missing input or output delay  
An output delay is missing on gp_out[0] relative to the rising and/or falling clock edge(s) of fpge_clk.
Related violations: <none>

TIMING-18#79 Warning
Missing input or output delay  
An output delay is missing on gp_out[1] relative to the rising and/or falling clock edge(s) of fpge_clk.
Related violations: <none>

TIMING-18#80 Warning
Missing input or output delay  
An output delay is missing on gp_out[2] relative to the rising and/or falling clock edge(s) of fpge_clk.
Related violations: <none>

TIMING-18#81 Warning
Missing input or output delay  
An output delay is missing on gp_out[3] relative to the rising and/or falling clock edge(s) of fpge_clk.
Related violations: <none>

TIMING-18#82 Warning
Missing input or output delay  
An output delay is missing on ntc_csn relative to the rising and/or falling clock edge(s) of fpge_clk.
Related violations: <none>

TIMING-18#83 Warning
Missing input or output delay  
An output delay is missing on ntc_sclk relative to the rising and/or falling clock edge(s) of fpge_clk.
Related violations: <none>

TIMING-18#84 Warning
Missing input or output delay  
An output delay is missing on pwm_buffer_con relative to the rising and/or falling clock edge(s) of fpge_clk.
Related violations: <none>

TIMING-18#85 Warning
Missing input or output delay  
An output delay is missing on rdy_rly relative to the rising and/or falling clock edge(s) of fpge_clk.
Related violations: <none>

TIMING-18#86 Warning
Missing input or output delay  
An output delay is missing on regen_brake relative to the rising and/or falling clock edge(s) of fpge_clk.
Related violations: <none>

TIMING-18#87 Warning
Missing input or output delay  
An output delay is missing on status_led[0] relative to the rising and/or falling clock edge(s) of fpge_clk.
Related violations: <none>

TIMING-18#88 Warning
Missing input or output delay  
An output delay is missing on status_led[1] relative to the rising and/or falling clock edge(s) of fpge_clk.
Related violations: <none>

TIMING-18#89 Warning
Missing input or output delay  
An output delay is missing on status_led[2] relative to the rising and/or falling clock edge(s) of fpge_clk.
Related violations: <none>

TIMING-18#90 Warning
Missing input or output delay  
An output delay is missing on status_led[3] relative to the rising and/or falling clock edge(s) of fpge_clk.
Related violations: <none>

TIMING-18#91 Warning
Missing input or output delay  
An output delay is missing on uart_dir_cnt1_1 relative to the rising and/or falling clock edge(s) of fpge_clk.
Related violations: <none>

TIMING-18#92 Warning
Missing input or output delay  
An output delay is missing on uart_dir_cnt1_2 relative to the rising and/or falling clock edge(s) of fpge_clk.
Related violations: <none>

TIMING-18#93 Warning
Missing input or output delay  
An output delay is missing on uart_dir_cnt2_1 relative to the rising and/or falling clock edge(s) of fpge_clk.
Related violations: <none>

TIMING-18#94 Warning
Missing input or output delay  
An output delay is missing on uart_dir_cnt2_2 relative to the rising and/or falling clock edge(s) of fpge_clk.
Related violations: <none>

TIMING-18#95 Warning
Missing input or output delay  
An output delay is missing on uart_tx_cnt1_1 relative to the rising and/or falling clock edge(s) of fpge_clk.
Related violations: <none>

TIMING-18#96 Warning
Missing input or output delay  
An output delay is missing on uart_tx_cnt1_2 relative to the rising and/or falling clock edge(s) of fpge_clk.
Related violations: <none>

TIMING-18#97 Warning
Missing input or output delay  
An output delay is missing on uart_tx_cnt2_1 relative to the rising and/or falling clock edge(s) of fpge_clk.
Related violations: <none>

TIMING-18#98 Warning
Missing input or output delay  
An output delay is missing on uart_tx_cnt2_2 relative to the rising and/or falling clock edge(s) of fpge_clk.
Related violations: <none>

ULMTCS-1#1 Warning
Control Sets use limits recommend reduction  
This design uses 285 control sets (vs. available limit of 2000, determined by 1 control set per CLB). This exceeds the control set use guideline of 7.5 percent. This is at a level where reduction is RECOMMENDED (see UG949). Use report_control_sets to get more details.
Related violations: <none>

XDCB-5#1 Warning
Runtime inefficient way to find pin objects  
The option '-from : [get_pins -hierarchical -filter {NAME =~ *ila_core_inst/u_trig/N_DDR_TC.N_DDR_TC_INST[*].U_TC/allx_typeA_match_detection.ltlib_v1_0_3_allx_typeA_inst/DUT/u_srl_drive/CLK}]' of constraint 'set_false_path' uses inefficient query to find pin objects (see constraint position '42' in the Timing Constraint window in Vivado IDE). To reduce runtime, it is recommended to get the pins through the cell objects. Please refer to Using Constraints Guide (Constraints Efficiency). An example of optimal query is: get_pins -filter {REF_PIN_NAME=~yy*} -of_objects [get_cells -hierarchical xx*].
Current XDC: c:/Users/RESEARCH/Downloads/Quadrature/Quadrature/FPGA_part/targeting/servo_encoder_v1_0.gen/sources_1/ip/ila_0_1/ila_v6_2/constraints/ila.xdc (Line: 72)
Related violations: <none>

XDCB-5#2 Warning
Runtime inefficient way to find pin objects  
The option '-to : [get_pins -hierarchical -filter {NAME =~ *ila_core_inst/u_trig/N_DDR_TC.N_DDR_TC_INST[*].U_TC/yes_output_reg.dout_reg_reg/D}]' of constraint 'set_false_path' uses inefficient query to find pin objects (see constraint position '42' in the Timing Constraint window in Vivado IDE). To reduce runtime, it is recommended to get the pins through the cell objects. Please refer to Using Constraints Guide (Constraints Efficiency). An example of optimal query is: get_pins -filter {REF_PIN_NAME=~yy*} -of_objects [get_cells -hierarchical xx*].
Current XDC: c:/Users/RESEARCH/Downloads/Quadrature/Quadrature/FPGA_part/targeting/servo_encoder_v1_0.gen/sources_1/ip/ila_0_1/ila_v6_2/constraints/ila.xdc (Line: 72)
Related violations: <none>


