Copyright 1986-2022 Xilinx, Inc. All Rights Reserved. Copyright 2022-2025 Advanced Micro Devices, Inc. All Rights Reserved.
----------------------------------------------------------------------------------------------------------------------------------------------------------
| Tool Version              : Vivado v.2025.2 (win64) Build 6299465 Fri Nov 14 19:35:11 GMT 2025
| Date                      : Mon Apr 20 16:00:59 2026
| Host                      : DESKTOP-GNEDNNB running 64-bit major release  (build 9200)
| Command                   : report_io -file servo_enc_v1_0_io_placed.rpt
| Design                    : servo_enc_v1_0
| Device                    : xc7s15
| Speed File                : -1
| Package                   : ftgb196
| Package Version           : PRODUCTION 1.1 03/19/2018
| Package Pin Delay Version : PRODUCTION 1.0 10/16/2017
----------------------------------------------------------------------------------------------------------------------------------------------------------

IO Information

Table of Contents
-----------------
1. Summary
2. IO Assignments by Package Pin

1. Summary
----------

+---------------+
| Total User IO |
+---------------+
|            95 |
+---------------+


2. IO Assignments by Package Pin
--------------------------------

+------------+-----------------+------------+------------------------------+---------------+-------------+---------+------------+------+---------------------+----------------------+---------+------------+-----------+----------+------+------------------+--------------+-------------------+--------------+
| Pin Number | Signal Name     | Bank Type  | Pin Name                     | Use           | IO Standard | IO Bank | Drive (mA) | Slew | On-Chip Termination | Off-Chip Termination | Voltage | Constraint | Pull Type | DQS Bias | Vref | Signal Integrity | Pre Emphasis | Lvds Pre Emphasis | Equalization |
+------------+-----------------+------------+------------------------------+---------------+-------------+---------+------------+------+---------------------+----------------------+---------+------------+-----------+----------+------+------------------+--------------+-------------------+--------------+
| A1         |                 |            | GND                          | GND           |             |         |            |      |                     |                      |     0.0 |            |           |          |      |                  |              |                   |              |
| A2         | fmc_db[5]       | High Range | IO_L3N_T0_DQS_34             | BIDIR         | LVCMOS33    |      34 |         12 | SLOW |                     |            FP_VTT_50 |         | FIXED      |           |          |      | NONE             |              |                   |              |
| A3         | fmc_db[3]       | High Range | IO_L2N_T0_34                 | BIDIR         | LVCMOS33    |      34 |         12 | SLOW |                     |            FP_VTT_50 |         | FIXED      |           |          |      | NONE             |              |                   |              |
| A4         | fmc_db[4]       | High Range | IO_L2P_T0_34                 | BIDIR         | LVCMOS33    |      34 |         12 | SLOW |                     |            FP_VTT_50 |         | FIXED      |           |          |      | NONE             |              |                   |              |
| A5         | gp_in[0]        | High Range | IO_L4N_T0_34                 | INPUT         | LVCMOS33    |      34 |            |      |                     |                 NONE |         | FIXED      |           |          |      | NONE             |              |                   |              |
| A6         |                 |            | GND                          | GND           |             |         |            |      |                     |                      |     0.0 |            |           |          |      |                  |              |                   |              |
| A7         |                 | Dedicated  | TCK_0                        | Config        |             |       0 |            |      |                     |                      |         |            |           |          |      |                  |              |                   |              |
| A8         |                 | Dedicated  | CCLK_0                       | Config        |             |       0 |            |      |                     |                      |         |            |           |          |      |                  |              |                   |              |
| A9         |                 |            | GND                          | GND           |             |         |            |      |                     |                      |     0.0 |            |           |          |      |                  |              |                   |              |
| A10        |                 | High Range | IO_L3N_T0_DQS_EMCCLK_14      | User IO       |             |      14 |            |      |                     |                      |         |            |           |          |      |                  |              |                   |              |
| A11        |                 |            | GND                          | GND           |             |         |            |      |                     |                      |     0.0 |            |           |          |      |                  |              |                   |              |
| A12        | enc_a_cnt2      | High Range | IO_L4P_T0_D04_14             | INPUT         | LVCMOS33    |      14 |            |      |                     |                 NONE |         | FIXED      |           |          |      | NONE             |              |                   |              |
| A13        | enc_b_cnt1      | High Range | IO_L4N_T0_D05_14             | INPUT         | LVCMOS33    |      14 |            |      |                     |                 NONE |         | FIXED      |           |          |      | NONE             |              |                   |              |
| A14        |                 |            | GND                          | GND           |             |         |            |      |                     |                      |     0.0 |            |           |          |      |                  |              |                   |              |
| B1         | fmc_db[9]       | High Range | IO_L5N_T0_34                 | BIDIR         | LVCMOS33    |      34 |         12 | SLOW |                     |            FP_VTT_50 |         | FIXED      |           |          |      | NONE             |              |                   |              |
| B2         | fmc_db[10]      | High Range | IO_L5P_T0_34                 | BIDIR         | LVCMOS33    |      34 |         12 | SLOW |                     |            FP_VTT_50 |         | FIXED      |           |          |      | NONE             |              |                   |              |
| B3         | fmc_db[6]       | High Range | IO_L3P_T0_DQS_34             | BIDIR         | LVCMOS33    |      34 |         12 | SLOW |                     |            FP_VTT_50 |         | FIXED      |           |          |      | NONE             |              |                   |              |
| B4         |                 |            | GND                          | GND           |             |         |            |      |                     |                      |     0.0 |            |           |          |      |                  |              |                   |              |
| B5         | gp_in[1]        | High Range | IO_L4P_T0_34                 | INPUT         | LVCMOS33    |      34 |            |      |                     |                 NONE |         | FIXED      |           |          |      | NONE             |              |                   |              |
| B6         | gp_in[2]        | High Range | IO_0_34                      | INPUT         | LVCMOS33    |      34 |            |      |                     |                 NONE |         | FIXED      |           |          |      | NONE             |              |                   |              |
| B7         |                 |            | GND                          | GND           |             |         |            |      |                     |                      |     0.0 |            |           |          |      |                  |              |                   |              |
| B8         |                 |            | NC                           | Not Connected |             |         |            |      |                     |                      |         |            |           |          |      |                  |              |                   |              |
| B9         |                 |            | GND                          | GND           |             |         |            |      |                     |                      |     0.0 |            |           |          |      |                  |              |                   |              |
| B10        |                 | High Range | IO_L3P_T0_DQS_PUDC_B_14      | User IO       |             |      14 |            |      |                     |                      |         |            |           |          |      |                  |              |                   |              |
| B11        | hall_w_cnt2     | High Range | IO_L1P_T0_D00_MOSI_14        | INPUT         | LVCMOS33    |      14 |            |      |                     |                 NONE |         | FIXED      |           |          |      | NONE             |              |                   |              |
| B12        | hall_w_cnt1     | High Range | IO_L1N_T0_D01_DIN_14         | INPUT         | LVCMOS33    |      14 |            |      |                     |                 NONE |         | FIXED      |           |          |      | NONE             |              |                   |              |
| B13        | enc_b_cnt2      | High Range | IO_L5P_T0_D06_14             | INPUT         | LVCMOS33    |      14 |            |      |                     |                 NONE |         | FIXED      |           |          |      | NONE             |              |                   |              |
| B14        | enc_a_cnt1      | High Range | IO_L5N_T0_D07_14             | INPUT         | LVCMOS33    |      14 |            |      |                     |                 NONE |         | FIXED      |           |          |      | NONE             |              |                   |              |
| C1         | fmc_db[11]      | High Range | IO_L11N_T1_SRCC_34           | BIDIR         | LVCMOS33    |      34 |         12 | SLOW |                     |            FP_VTT_50 |         | FIXED      |           |          |      | NONE             |              |                   |              |
| C2         |                 |            | GND                          | GND           |             |         |            |      |                     |                      |     0.0 |            |           |          |      |                  |              |                   |              |
| C3         | fmc_db[1]       | High Range | IO_L1N_T0_34                 | BIDIR         | LVCMOS33    |      34 |         12 | SLOW |                     |            FP_VTT_50 |         | FIXED      |           |          |      | NONE             |              |                   |              |
| C4         | status_led[2]   | High Range | IO_L6N_T0_VREF_34            | OUTPUT        | LVCMOS33    |      34 |         12 | SLOW |                     |            FP_VTT_50 |         | FIXED      |           |          |      | NONE             |              |                   |              |
| C5         | gp_in[3]        | High Range | IO_L6P_T0_34                 | INPUT         | LVCMOS33    |      34 |            |      |                     |                 NONE |         | FIXED      |           |          |      | NONE             |              |                   |              |
| C6         |                 |            | GND                          | GND           |             |         |            |      |                     |                      |     0.0 |            |           |          |      |                  |              |                   |              |
| C7         |                 |            | GND                          | GND           |             |         |            |      |                     |                      |     0.0 |            |           |          |      |                  |              |                   |              |
| C8         |                 |            | GND                          | GND           |             |         |            |      |                     |                      |     0.0 |            |           |          |      |                  |              |                   |              |
| C9         |                 |            | GND                          | GND           |             |         |            |      |                     |                      |     0.0 |            |           |          |      |                  |              |                   |              |
| C10        | sto2            | High Range | IO_L2N_T0_D03_14             | INPUT         | LVCMOS33    |      14 |            |      |                     |                 NONE |         | FIXED      |           |          |      | NONE             |              |                   |              |
| C11        | regen_brake     | High Range | IO_L6P_T0_FCS_B_14           | OUTPUT        | LVCMOS33    |      14 |         12 | SLOW |                     |            FP_VTT_50 |         | FIXED      |           |          |      | NONE             |              |                   |              |
| C12        | sto1            | High Range | IO_L6N_T0_D08_VREF_14        | INPUT         | LVCMOS33    |      14 |            |      |                     |                 NONE |         | FIXED      |           |          |      | NONE             |              |                   |              |
| C13        |                 |            | GND                          | GND           |             |         |            |      |                     |                      |     0.0 |            |           |          |      |                  |              |                   |              |
| C14        | enc_c_cnt1      | High Range | IO_L11N_T1_SRCC_14           | INPUT         | LVCMOS33    |      14 |            |      |                     |                 NONE |         | FIXED      |           |          |      | NONE             |              |                   |              |
| D1         | fpga_clk        | High Range | IO_L11P_T1_SRCC_34           | INPUT         | LVCMOS33    |      34 |            |      |                     |                 NONE |         | FIXED      |           |          |      | NONE             |              |                   |              |
| D2         | fmc_db[13]      | High Range | IO_L10N_T1_34                | BIDIR         | LVCMOS33    |      34 |         12 | SLOW |                     |            FP_VTT_50 |         | FIXED      |           |          |      | NONE             |              |                   |              |
| D3         | fmc_db[2]       | High Range | IO_L1P_T0_34                 | BIDIR         | LVCMOS33    |      34 |         12 | SLOW |                     |            FP_VTT_50 |         | FIXED      |           |          |      | NONE             |              |                   |              |
| D4         | status_led[3]   | High Range | IO_L7N_T1_34                 | OUTPUT        | LVCMOS33    |      34 |         12 | SLOW |                     |            FP_VTT_50 |         | FIXED      |           |          |      | NONE             |              |                   |              |
| D5         |                 |            | GND                          | GND           |             |         |            |      |                     |                      |     0.0 |            |           |          |      |                  |              |                   |              |
| D6         |                 |            | VCCINT                       | VCCINT        |             |         |            |      |                     |                      |         |            |           |          |      |                  |              |                   |              |
| D7         |                 |            | GND                          | GND           |             |         |            |      |                     |                      |     0.0 |            |           |          |      |                  |              |                   |              |
| D8         |                 |            | VCCINT                       | VCCINT        |             |         |            |      |                     |                      |         |            |           |          |      |                  |              |                   |              |
| D9         |                 |            | GND                          | GND           |             |         |            |      |                     |                      |     0.0 |            |           |          |      |                  |              |                   |              |
| D10        | pwm_buffer_con  | High Range | IO_L2P_T0_D02_14             | OUTPUT        | LVCMOS33    |      14 |         12 | SLOW |                     |            FP_VTT_50 |         | FIXED      |           |          |      | NONE             |              |                   |              |
| D11        |                 |            | GND                          | GND           |             |         |            |      |                     |                      |     0.0 |            |           |          |      |                  |              |                   |              |
| D12        | rdy_rly         | High Range | IO_L8P_T1_D11_14             | OUTPUT        | LVCMOS33    |      14 |         12 | SLOW |                     |            FP_VTT_50 |         | FIXED      |           |          |      | NONE             |              |                   |              |
| D13        | power_fault     | High Range | IO_L8N_T1_D12_14             | INPUT         | LVCMOS33    |      14 |            |      |                     |                 NONE |         | FIXED      |           |          |      | NONE             |              |                   |              |
| D14        | ipm_fault       | High Range | IO_L11P_T1_SRCC_14           | INPUT         | LVCMOS33    |      14 |            |      |                     |                 NONE |         | FIXED      |           |          |      | NONE             |              |                   |              |
| E1         |                 |            | GND                          | GND           |             |         |            |      |                     |                      |     0.0 |            |           |          |      |                  |              |                   |              |
| E2         | fmc_db[14]      | High Range | IO_L10P_T1_34                | BIDIR         | LVCMOS33    |      34 |         12 | SLOW |                     |            FP_VTT_50 |         | FIXED      |           |          |      | NONE             |              |                   |              |
| E3         |                 |            | GND                          | GND           |             |         |            |      |                     |                      |     0.0 |            |           |          |      |                  |              |                   |              |
| E4         | fmc_db[7]       | High Range | IO_L7P_T1_34                 | BIDIR         | LVCMOS33    |      34 |         12 | SLOW |                     |            FP_VTT_50 |         | FIXED      |           |          |      | NONE             |              |                   |              |
| E5         |                 |            | VCCBRAM                      | VCCBRAM       |             |         |            |      |                     |                      |         |            |           |          |      |                  |              |                   |              |
| E6         |                 |            | GND                          | GND           |             |         |            |      |                     |                      |     0.0 |            |           |          |      |                  |              |                   |              |
| E7         |                 |            | VCCINT                       | VCCINT        |             |         |            |      |                     |                      |         |            |           |          |      |                  |              |                   |              |
| E8         |                 |            | GND                          | GND           |             |         |            |      |                     |                      |     0.0 |            |           |          |      |                  |              |                   |              |
| E9         |                 |            | VCCINT                       | VCCINT        |             |         |            |      |                     |                      |         |            |           |          |      |                  |              |                   |              |
| E10        |                 |            | GND                          | GND           |             |         |            |      |                     |                      |     0.0 |            |           |          |      |                  |              |                   |              |
| E11        | dbr_rly         | High Range | IO_0_14                      | OUTPUT        | LVCMOS33    |      14 |         12 | SLOW |                     |            FP_VTT_50 |         | FIXED      |           |          |      | NONE             |              |                   |              |
| E12        | fdm             | High Range | IO_L7N_T1_D10_14             | INPUT         | LVCMOS33    |      14 |            |      |                     |                 NONE |         | FIXED      |           |          |      | NONE             |              |                   |              |
| E13        | enc_c_cnt2      | High Range | IO_L10N_T1_D15_14            | INPUT         | LVCMOS33    |      14 |            |      |                     |                 NONE |         | FIXED      |           |          |      | NONE             |              |                   |              |
| E14        |                 |            | GND                          | GND           |             |         |            |      |                     |                      |     0.0 |            |           |          |      |                  |              |                   |              |
| F1         | fmc_db[12]      | High Range | IO_L9N_T1_DQS_34             | BIDIR         | LVCMOS33    |      34 |         12 | SLOW |                     |            FP_VTT_50 |         | FIXED      |           |          |      | NONE             |              |                   |              |
| F2         | fmc_db[15]      | High Range | IO_L8N_T1_34                 | BIDIR         | LVCMOS33    |      34 |         12 | SLOW |                     |            FP_VTT_50 |         | FIXED      |           |          |      | NONE             |              |                   |              |
| F3         | fmc_db[8]       | High Range | IO_L8P_T1_34                 | BIDIR         | LVCMOS33    |      34 |         12 | SLOW |                     |            FP_VTT_50 |         | FIXED      |           |          |      | NONE             |              |                   |              |
| F4         | fmc_rdn         | High Range | IO_L12N_T1_MRCC_34           | INPUT         | LVCMOS33    |      34 |            |      |                     |                 NONE |         | FIXED      |           |          |      | NONE             |              |                   |              |
| F5         |                 |            | GND                          | GND           |             |         |            |      |                     |                      |     0.0 |            |           |          |      |                  |              |                   |              |
| F6         |                 |            | VCCINT                       | VCCINT        |             |         |            |      |                     |                      |         |            |           |          |      |                  |              |                   |              |
| F7         |                 |            | NC                           | Not Connected |             |         |            |      |                     |                      |         |            |           |          |      |                  |              |                   |              |
| F8         |                 |            | NC                           | Not Connected |             |         |            |      |                     |                      |         |            |           |          |      |                  |              |                   |              |
| F9         |                 |            | GND                          | GND           |             |         |            |      |                     |                      |     0.0 |            |           |          |      |                  |              |                   |              |
| F10        |                 |            | VCCAUX                       | VCCAUX        |             |         |            |      |                     |                      |    1.80 |            |           |          |      |                  |              |                   |              |
| F11        | ds_data_in[1]   | High Range | IO_L12N_T1_MRCC_14           | INPUT         | LVCMOS33    |      14 |            |      |                     |                 NONE |         | FIXED      |           |          |      | NONE             |              |                   |              |
| F12        | ds_data_in[4]   | High Range | IO_L7P_T1_D09_14             | INPUT         | LVCMOS33    |      14 |            |      |                     |                 NONE |         | FIXED      |           |          |      | NONE             |              |                   |              |
| F13        | ds_data_in[3]   | High Range | IO_L10P_T1_D14_14            | INPUT         | LVCMOS33    |      14 |            |      |                     |                 NONE |         | FIXED      |           |          |      | NONE             |              |                   |              |
| F14        | ds_data_in[5]   | High Range | IO_L9N_T1_DQS_D13_14         | INPUT         | LVCMOS33    |      14 |            |      |                     |                 NONE |         | FIXED      |           |          |      | NONE             |              |                   |              |
| G1         | fmc_db[0]       | High Range | IO_L9P_T1_DQS_34             | BIDIR         | LVCMOS33    |      34 |         12 | SLOW |                     |            FP_VTT_50 |         | FIXED      |           |          |      | NONE             |              |                   |              |
| G2         |                 | High Range | VCCO_34                      | VCCO          |             |      34 |            |      |                     |                      |    3.30 |            |           |          |      |                  |              |                   |              |
| G3         |                 |            | GND                          | GND           |             |         |            |      |                     |                      |     0.0 |            |           |          |      |                  |              |                   |              |
| G4         | fmc_waitn       | High Range | IO_L12P_T1_MRCC_34           | OUTPUT        | LVCMOS33    |      34 |         12 | SLOW |                     |            FP_VTT_50 |         | FIXED      |           |          |      | NONE             |              |                   |              |
| G5         |                 |            | VCCBRAM                      | VCCBRAM       |             |         |            |      |                     |                      |         |            |           |          |      |                  |              |                   |              |
| G6         |                 |            | GND                          | GND           |             |         |            |      |                     |                      |     0.0 |            |           |          |      |                  |              |                   |              |
| G7         |                 |            | NC                           | Not Connected |             |         |            |      |                     |                      |         |            |           |          |      |                  |              |                   |              |
| G8         |                 |            | NC                           | Not Connected |             |         |            |      |                     |                      |         |            |           |          |      |                  |              |                   |              |
| G9         |                 |            | VCCINT                       | VCCINT        |             |         |            |      |                     |                      |         |            |           |          |      |                  |              |                   |              |
| G10        |                 |            | GND                          | GND           |             |         |            |      |                     |                      |     0.0 |            |           |          |      |                  |              |                   |              |
| G11        | ds_data_in[2]   | High Range | IO_L12P_T1_MRCC_14           | INPUT         | LVCMOS33    |      14 |            |      |                     |                 NONE |         | FIXED      |           |          |      | NONE             |              |                   |              |
| G12        |                 |            | GND                          | GND           |             |         |            |      |                     |                      |     0.0 |            |           |          |      |                  |              |                   |              |
| G13        |                 | High Range | VCCO_14                      | VCCO          |             |      14 |            |      |                     |                      |    3.30 |            |           |          |      |                  |              |                   |              |
| G14        | ds_data_in[6]   | High Range | IO_L9P_T1_DQS_14             | INPUT         | LVCMOS33    |      14 |            |      |                     |                 NONE |         | FIXED      |           |          |      | NONE             |              |                   |              |
| H1         | iresetn         | High Range | IO_L14N_T2_SRCC_34           | INPUT         | LVCMOS33    |      34 |            |      |                     |                 NONE |         | FIXED      |           |          |      | NONE             |              |                   |              |
| H2         | fmc_wrn         | High Range | IO_L14P_T2_SRCC_34           | INPUT         | LVCMOS33    |      34 |            |      |                     |                 NONE |         | FIXED      |           |          |      | NONE             |              |                   |              |
| H3         | fmc_csn         | High Range | IO_L13N_T2_MRCC_34           | INPUT         | LVCMOS33    |      34 |            |      |                     |                 NONE |         | FIXED      |           |          |      | NONE             |              |                   |              |
| H4         | status_led[1]   | High Range | IO_L13P_T2_MRCC_34           | OUTPUT        | LVCMOS33    |      34 |         12 | SLOW |                     |            FP_VTT_50 |         | FIXED      |           |          |      | NONE             |              |                   |              |
| H5         |                 |            | GND                          | GND           |             |         |            |      |                     |                      |     0.0 |            |           |          |      |                  |              |                   |              |
| H6         |                 |            | VCCINT                       | VCCINT        |             |         |            |      |                     |                      |         |            |           |          |      |                  |              |                   |              |
| H7         |                 |            | NC                           | Not Connected |             |         |            |      |                     |                      |         |            |           |          |      |                  |              |                   |              |
| H8         |                 |            | NC                           | Not Connected |             |         |            |      |                     |                      |         |            |           |          |      |                  |              |                   |              |
| H9         |                 |            | GND                          | GND           |             |         |            |      |                     |                      |     0.0 |            |           |          |      |                  |              |                   |              |
| H10        |                 |            | VCCAUX                       | VCCAUX        |             |         |            |      |                     |                      |    1.80 |            |           |          |      |                  |              |                   |              |
| H11        | ds_clk_out[6]   | High Range | IO_L13P_T2_MRCC_14           | OUTPUT        | LVCMOS33    |      14 |         12 | SLOW |                     |            FP_VTT_50 |         | FIXED      |           |          |      | NONE             |              |                   |              |
| H12        | ds_clk_out[5]   | High Range | IO_L13N_T2_MRCC_14           | OUTPUT        | LVCMOS33    |      14 |         12 | SLOW |                     |            FP_VTT_50 |         | FIXED      |           |          |      | NONE             |              |                   |              |
| H13        | ds_clk_out[4]   | High Range | IO_L14P_T2_SRCC_14           | OUTPUT        | LVCMOS33    |      14 |         12 | SLOW |                     |            FP_VTT_50 |         | FIXED      |           |          |      | NONE             |              |                   |              |
| H14        | ds_clk_out[3]   | High Range | IO_L14N_T2_SRCC_14           | OUTPUT        | LVCMOS33    |      14 |         12 | SLOW |                     |            FP_VTT_50 |         | FIXED      |           |          |      | NONE             |              |                   |              |
| J1         | fmc_ab[0]       | High Range | IO_L15N_T2_DQS_34            | INPUT         | LVCMOS33    |      34 |            |      |                     |                 NONE |         | FIXED      |           |          |      | NONE             |              |                   |              |
| J2         | fmc_ab[1]       | High Range | IO_L15P_T2_DQS_34            | INPUT         | LVCMOS33    |      34 |            |      |                     |                 NONE |         | FIXED      |           |          |      | NONE             |              |                   |              |
| J3         | fmc_ab[4]       | High Range | IO_L17N_T2_34                | INPUT         | LVCMOS33    |      34 |            |      |                     |                 NONE |         | FIXED      |           |          |      | NONE             |              |                   |              |
| J4         | fmc_ab[5]       | High Range | IO_L17P_T2_34                | INPUT         | LVCMOS33    |      34 |            |      |                     |                 NONE |         | FIXED      |           |          |      | NONE             |              |                   |              |
| J5         |                 |            | VCCBRAM                      | VCCBRAM       |             |         |            |      |                     |                      |         |            |           |          |      |                  |              |                   |              |
| J6         |                 |            | GND                          | GND           |             |         |            |      |                     |                      |     0.0 |            |           |          |      |                  |              |                   |              |
| J7         |                 | Dedicated  | DXN_0                        | Temp Sensor   |             |       0 |            |      |                     |                      |         |            |           |          |      |                  |              |                   |              |
| J8         |                 | Dedicated  | DXP_0                        | Temp Sensor   |             |       0 |            |      |                     |                      |         |            |           |          |      |                  |              |                   |              |
| J9         |                 |            | VCCINT                       | VCCINT        |             |         |            |      |                     |                      |         |            |           |          |      |                  |              |                   |              |
| J10        |                 |            | GND                          | GND           |             |         |            |      |                     |                      |     0.0 |            |           |          |      |                  |              |                   |              |
| J11        | ds_clk_out[2]   | High Range | IO_L17P_T2_D30_14            | OUTPUT        | LVCMOS33    |      14 |         12 | SLOW |                     |            FP_VTT_50 |         | FIXED      |           |          |      | NONE             |              |                   |              |
| J12        | ds_clk_out[1]   | High Range | IO_L17N_T2_D29_14            | OUTPUT        | LVCMOS33    |      14 |         12 | SLOW |                     |            FP_VTT_50 |         | FIXED      |           |          |      | NONE             |              |                   |              |
| J13        |                 | High Range | IO_L18P_T2_D28_14            | User IO       |             |      14 |            |      |                     |                      |         |            |           |          |      |                  |              |                   |              |
| J14        |                 | High Range | IO_L18N_T2_D27_14            | User IO       |             |      14 |            |      |                     |                      |         |            |           |          |      |                  |              |                   |              |
| K1         |                 |            | GND                          | GND           |             |         |            |      |                     |                      |     0.0 |            |           |          |      |                  |              |                   |              |
| K2         |                 | High Range | VCCO_34                      | VCCO          |             |      34 |            |      |                     |                      |    3.30 |            |           |          |      |                  |              |                   |              |
| K3         | fmc_ab[2]       | High Range | IO_L16N_T2_34                | INPUT         | LVCMOS33    |      34 |            |      |                     |                 NONE |         | FIXED      |           |          |      | NONE             |              |                   |              |
| K4         | fmc_ab[3]       | High Range | IO_L16P_T2_34                | INPUT         | LVCMOS33    |      34 |            |      |                     |                 NONE |         | FIXED      |           |          |      | NONE             |              |                   |              |
| K5         |                 |            | GND                          | GND           |             |         |            |      |                     |                      |     0.0 |            |           |          |      |                  |              |                   |              |
| K6         |                 |            | VCCINT                       | VCCINT        |             |         |            |      |                     |                      |         |            |           |          |      |                  |              |                   |              |
| K7         |                 |            | GND                          | GND           |             |         |            |      |                     |                      |     0.0 |            |           |          |      |                  |              |                   |              |
| K8         |                 |            | VCCINT                       | VCCINT        |             |         |            |      |                     |                      |         |            |           |          |      |                  |              |                   |              |
| K9         |                 |            | GND                          | GND           |             |         |            |      |                     |                      |     0.0 |            |           |          |      |                  |              |                   |              |
| K10        |                 |            | VCCAUX                       | VCCAUX        |             |         |            |      |                     |                      |    1.80 |            |           |          |      |                  |              |                   |              |
| K11        | ntc_sdi         | High Range | IO_L19P_T3_D26_14            | INPUT         | LVCMOS33    |      14 |            |      |                     |                 NONE |         | FIXED      |           |          |      | NONE             |              |                   |              |
| K12        |                 | High Range | IO_L19N_T3_D25_VREF_14       | User IO       |             |      14 |            |      |                     |                      |         |            |           |          |      |                  |              |                   |              |
| K13        |                 | High Range | VCCO_14                      | VCCO          |             |      14 |            |      |                     |                      |    3.30 |            |           |          |      |                  |              |                   |              |
| K14        |                 |            | GND                          | GND           |             |         |            |      |                     |                      |     0.0 |            |           |          |      |                  |              |                   |              |
| L1         | fmc_ab[6]       | High Range | IO_L18N_T2_34                | INPUT         | LVCMOS33    |      34 |            |      |                     |                 NONE |         | FIXED      |           |          |      | NONE             |              |                   |              |
| L2         | fan_status      | High Range | IO_L22N_T3_34                | INPUT         | LVCMOS33    |      34 |            |      |                     |                 NONE |         | FIXED      |           |          |      | NONE             |              |                   |              |
| L3         | fan_enable      | High Range | IO_L22P_T3_34                | OUTPUT        | LVCMOS33    |      34 |         12 | SLOW |                     |            FP_VTT_50 |         | FIXED      |           |          |      | NONE             |              |                   |              |
| L4         |                 |            | GND                          | GND           |             |         |            |      |                     |                      |     0.0 |            |           |          |      |                  |              |                   |              |
| L5         | gp_out[2]       | High Range | IO_25_34                     | OUTPUT        | LVCMOS33    |      34 |         12 | SLOW |                     |            FP_VTT_50 |         | FIXED      |           |          |      | NONE             |              |                   |              |
| L6         |                 |            | GND                          | GND           |             |         |            |      |                     |                      |     0.0 |            |           |          |      |                  |              |                   |              |
| L7         |                 | Dedicated  | PROGRAM_B_0                  | Config        |             |       0 |            |      |                     |                      |         |            |           |          |      |                  |              |                   |              |
| L8         |                 |            | GND                          | GND           |             |         |            |      |                     |                      |     0.0 |            |           |          |      |                  |              |                   |              |
| L9         |                 |            | VCCAUX                       | VCCAUX        |             |         |            |      |                     |                      |    1.80 |            |           |          |      |                  |              |                   |              |
| L10        |                 |            | GND                          | GND           |             |         |            |      |                     |                      |     0.0 |            |           |          |      |                  |              |                   |              |
| L11        |                 |            | GND                          | GND           |             |         |            |      |                     |                      |     0.0 |            |           |          |      |                  |              |                   |              |
| L12        | ntc_sclk        | High Range | IO_L16P_T2_CSI_B_14          | OUTPUT        | LVCMOS33    |      14 |         12 | SLOW |                     |            FP_VTT_50 |         | FIXED      |           |          |      | NONE             |              |                   |              |
| L13        | ntc_csn         | High Range | IO_L16N_T2_D31_14            | OUTPUT        | LVCMOS33    |      14 |         12 | SLOW |                     |            FP_VTT_50 |         | FIXED      |           |          |      | NONE             |              |                   |              |
| L14        | ntc_sdo         | High Range | IO_L15N_T2_DQS_DOUT_CSO_B_14 | TRISTATE      | LVCMOS33    |      14 |         12 | SLOW |                     |            FP_VTT_50 |         | FIXED      |           |          |      | NONE             |              |                   |              |
| M1         | fmc_ab[7]       | High Range | IO_L18P_T2_34                | INPUT         | LVCMOS33    |      34 |            |      |                     |                 NONE |         | FIXED      |           |          |      | NONE             |              |                   |              |
| M2         | fmc_ab[8]       | High Range | IO_L19N_T3_VREF_34           | INPUT         | LVCMOS33    |      34 |            |      |                     |                 NONE |         | FIXED      |           |          |      | NONE             |              |                   |              |
| M3         | fmc_ab[9]       | High Range | IO_L19P_T3_34                | INPUT         | LVCMOS33    |      34 |            |      |                     |                 NONE |         | FIXED      |           |          |      | NONE             |              |                   |              |
| M4         | fmc_ab[13]      | High Range | IO_L23N_T3_34                | INPUT         | LVCMOS33    |      34 |            |      |                     |                 NONE |         | FIXED      |           |          |      | NONE             |              |                   |              |
| M5         | status_led[0]   | High Range | IO_L23P_T3_34                | OUTPUT        | LVCMOS33    |      34 |         12 | SLOW |                     |            FP_VTT_50 |         | FIXED      |           |          |      | NONE             |              |                   |              |
| M6         |                 | Dedicated  | TMS_0                        | Config        |             |       0 |            |      |                     |                      |         |            |           |          |      |                  |              |                   |              |
| M7         |                 | Dedicated  | M0_0                         | Config        |             |       0 |            |      |                     |                      |         |            |           |          |      |                  |              |                   |              |
| M8         |                 | Dedicated  | M1_0                         | Config        |             |       0 |            |      |                     |                      |         |            |           |          |      |                  |              |                   |              |
| M9         |                 | Dedicated  | M2_0                         | Config        |             |       0 |            |      |                     |                      |         |            |           |          |      |                  |              |                   |              |
| M10        | uart_rx_cnt1_2  | High Range | IO_25_14                     | INPUT         | LVCMOS33    |      14 |            |      |                     |                 NONE |         | FIXED      |           |          |      | NONE             |              |                   |              |
| M11        | uart_rx_cnt2_2  | High Range | IO_L20P_T3_D24_14            | INPUT         | LVCMOS33    |      14 |            |      |                     |                 NONE |         | FIXED      |           |          |      | NONE             |              |                   |              |
| M12        | uart_rx_cnt1_1  | High Range | IO_L20N_T3_D23_14            | INPUT         | LVCMOS33    |      14 |            |      |                     |                 NONE |         | FIXED      |           |          |      | NONE             |              |                   |              |
| M13        | uart_rx_cnt2_1  | High Range | IO_L15P_T2_DQS_RDWR_B_14     | INPUT         | LVCMOS33    |      14 |            |      |                     |                 NONE |         | FIXED      |           |          |      | NONE             |              |                   |              |
| M14        | uart_dir_cnt2_1 | High Range | IO_L21N_T3_DQS_D22_14        | OUTPUT        | LVCMOS33    |      14 |         12 | SLOW |                     |            FP_VTT_50 |         | FIXED      |           |          |      | NONE             |              |                   |              |
| N1         | fmc_ab[10]      | High Range | IO_L20N_T3_34                | INPUT         | LVCMOS33    |      34 |            |      |                     |                 NONE |         | FIXED      |           |          |      | NONE             |              |                   |              |
| N2         |                 | High Range | VCCO_34                      | VCCO          |             |      34 |            |      |                     |                      |    3.30 |            |           |          |      |                  |              |                   |              |
| N3         |                 |            | GND                          | GND           |             |         |            |      |                     |                      |     0.0 |            |           |          |      |                  |              |                   |              |
| N4         | gp_out[3]       | High Range | IO_L24N_T3_34                | OUTPUT        | LVCMOS33    |      34 |         12 | SLOW |                     |            FP_VTT_50 |         | FIXED      |           |          |      | NONE             |              |                   |              |
| N5         |                 |            | GND                          | GND           |             |         |            |      |                     |                      |     0.0 |            |           |          |      |                  |              |                   |              |
| N6         |                 | Dedicated  | VCCO_0                       | VCCO          |             |       0 |            |      |                     |                      |   any** |            |           |          |      |                  |              |                   |              |
| N7         |                 | Dedicated  | CFGBVS_0                     | Config        |             |       0 |            |      |                     |                      |         |            |           |          |      |                  |              |                   |              |
| N8         |                 | Dedicated  | VCCO_0                       | VCCO          |             |       0 |            |      |                     |                      |   any** |            |           |          |      |                  |              |                   |              |
| N9         |                 |            | GND                          | GND           |             |         |            |      |                     |                      |     0.0 |            |           |          |      |                  |              |                   |              |
| N10        | uart_dir_cnt2_2 | High Range | IO_L23P_T3_D19_14            | OUTPUT        | LVCMOS33    |      14 |         12 | SLOW |                     |            FP_VTT_50 |         | FIXED      |           |          |      | NONE             |              |                   |              |
| N11        | uart_tx_cnt1_2  | High Range | IO_L23N_T3_D18_14            | OUTPUT        | LVCMOS33    |      14 |         12 | SLOW |                     |            FP_VTT_50 |         | FIXED      |           |          |      | NONE             |              |                   |              |
| N12        |                 |            | GND                          | GND           |             |         |            |      |                     |                      |     0.0 |            |           |          |      |                  |              |                   |              |
| N13        |                 | High Range | VCCO_14                      | VCCO          |             |      14 |            |      |                     |                      |    3.30 |            |           |          |      |                  |              |                   |              |
| N14        | uart_dir_cnt1_2 | High Range | IO_L21P_T3_DQS_14            | OUTPUT        | LVCMOS33    |      14 |         12 | SLOW |                     |            FP_VTT_50 |         | FIXED      |           |          |      | NONE             |              |                   |              |
| P1         |                 |            | GND                          | GND           |             |         |            |      |                     |                      |     0.0 |            |           |          |      |                  |              |                   |              |
| P2         | fmc_ab[11]      | High Range | IO_L20P_T3_34                | INPUT         | LVCMOS33    |      34 |            |      |                     |                 NONE |         | FIXED      |           |          |      | NONE             |              |                   |              |
| P3         | fmc_ab[12]      | High Range | IO_L21N_T3_DQS_34            | INPUT         | LVCMOS33    |      34 |            |      |                     |                 NONE |         | FIXED      |           |          |      | NONE             |              |                   |              |
| P4         | gp_out[0]       | High Range | IO_L21P_T3_DQS_34            | OUTPUT        | LVCMOS33    |      34 |         12 | SLOW |                     |            FP_VTT_50 |         | FIXED      |           |          |      | NONE             |              |                   |              |
| P5         | gp_out[1]       | High Range | IO_L24P_T3_34                | OUTPUT        | LVCMOS33    |      34 |         12 | SLOW |                     |            FP_VTT_50 |         | FIXED      |           |          |      | NONE             |              |                   |              |
| P6         |                 | Dedicated  | TDO_0                        | Config        |             |       0 |            |      |                     |                      |         |            |           |          |      |                  |              |                   |              |
| P7         |                 | Dedicated  | TDI_0                        | Config        |             |       0 |            |      |                     |                      |         |            |           |          |      |                  |              |                   |              |
| P8         |                 | Dedicated  | INIT_B_0                     | Config        |             |       0 |            |      |                     |                      |         |            |           |          |      |                  |              |                   |              |
| P9         |                 | Dedicated  | DONE_0                       | Config        |             |       0 |            |      |                     |                      |         |            |           |          |      |                  |              |                   |              |
| P10        | uart_tx_cnt1_1  | High Range | IO_L24P_T3_D17_14            | OUTPUT        | LVCMOS33    |      14 |         12 | SLOW |                     |            FP_VTT_50 |         | FIXED      |           |          |      | NONE             |              |                   |              |
| P11        | uart_tx_cnt2_2  | High Range | IO_L24N_T3_D16_14            | OUTPUT        | LVCMOS33    |      14 |         12 | SLOW |                     |            FP_VTT_50 |         | FIXED      |           |          |      | NONE             |              |                   |              |
| P12        | uart_tx_cnt2_1  | High Range | IO_L22P_T3_D21_14            | OUTPUT        | LVCMOS33    |      14 |         12 | SLOW |                     |            FP_VTT_50 |         | FIXED      |           |          |      | NONE             |              |                   |              |
| P13        | uart_dir_cnt1_1 | High Range | IO_L22N_T3_D20_14            | OUTPUT        | LVCMOS33    |      14 |         12 | SLOW |                     |            FP_VTT_50 |         | FIXED      |           |          |      | NONE             |              |                   |              |
| P14        |                 |            | GND                          | GND           |             |         |            |      |                     |                      |     0.0 |            |           |          |      |                  |              |                   |              |
+------------+-----------------+------------+------------------------------+---------------+-------------+---------+------------+------+---------------------+----------------------+---------+------------+-----------+----------+------+------------------+--------------+-------------------+--------------+
* Default value
** Special VCCO requirements may apply. Please consult the device family datasheet for specific guideline on VCCO requirements.


