
*** Running vivado
    with args -log servo_enc_v1_0.vds -m64 -product Vivado -mode batch -messageDb vivado.pb -notrace -source servo_enc_v1_0.tcl



****** Vivado v2025.2 (64-bit)
  **** SW Build 6299465 on Fri Nov 14 19:35:11 GMT 2025
  **** IP Build 6300035 on Fri Nov 14 10:48:45 MST 2025
  **** SharedData Build 6298862 on Thu Nov 13 04:50:51 MST 2025
  **** Start of session at: Mon Apr 20 15:59:35 2026
    ** Copyright 1986-2022 Xilinx, Inc. All Rights Reserved.
    ** Copyright 2022-2025 Advanced Micro Devices, Inc. All Rights Reserved.

source servo_enc_v1_0.tcl -notrace
create_project: Time (s): cpu = 00:00:07 ; elapsed = 00:00:05 . Memory (MB): peak = 534.297 ; gain = 223.590
Command: read_checkpoint -auto_incremental -incremental C:/Users/RESEARCH/Downloads/Quadrature/Quadrature/FPGA_part/targeting/servo_encoder_v1_0.srcs/utils_1/imports/synth_1/servo_enc_v1_0.dcp
INFO: [Vivado 12-5825] Read reference checkpoint from C:/Users/RESEARCH/Downloads/Quadrature/Quadrature/FPGA_part/targeting/servo_encoder_v1_0.srcs/utils_1/imports/synth_1/servo_enc_v1_0.dcp for incremental synthesis
INFO: [Vivado 12-7989] Please ensure there are no constraint changes
Command: synth_design -top servo_enc_v1_0 -part xc7s15ftgb196-1
Starting synth_design
Attempting to get a license for feature 'Synthesis' and/or device 'xc7s15'
INFO: [Common 17-349] Got license for feature 'Synthesis' and/or device 'xc7s15'
INFO: [Device 21-403] Loading part xc7s15ftgb196-1
INFO: [Designutils 20-5440] No compile time benefit to using incremental synthesis; A full resynthesis will be run
INFO: [Designutils 20-4379] Flow is switching to default flow due to incremental criteria not met. If you would like to alter this behaviour and have the flow terminate instead, please set the following parameter config_implementation {autoIncr.Synth.RejectBehavior Terminate}
INFO: [Synth 8-7079] Multithreading enabled for synth_design using a maximum of 2 processes.
INFO: [Synth 8-7078] Launching helper process for spawning children vivado processes
INFO: [Synth 8-7075] Helper process launched with PID 27524
---------------------------------------------------------------------------------
Starting RTL Elaboration : Time (s): cpu = 00:00:03 ; elapsed = 00:00:04 . Memory (MB): peak = 1233.312 ; gain = 540.738
---------------------------------------------------------------------------------
WARNING: [Synth 8-9112] actual for formal port 'i_sa' is neither a static name nor a globally static expression [C:/Users/RESEARCH/Downloads/Quadrature/Quadrature/FPGA_part/source/servo_enc_v1_0.vhd:301]
INFO: [Synth 8-638] synthesizing module 'servo_enc_v1_0' [C:/Users/RESEARCH/Downloads/Quadrature/Quadrature/FPGA_part/source/servo_enc_v1_0.vhd:110]
INFO: [Synth 8-3491] module 'emif_con' declared at 'C:/Users/RESEARCH/Downloads/Quadrature/Quadrature/FPGA_part/source/emif_con.vhd:17' bound to instance 'U_emif_con' of component 'emif_con' [C:/Users/RESEARCH/Downloads/Quadrature/Quadrature/FPGA_part/source/servo_enc_v1_0.vhd:294]
INFO: [Synth 8-638] synthesizing module 'emif_con' [C:/Users/RESEARCH/Downloads/Quadrature/Quadrature/FPGA_part/source/emif_con.vhd:55]
INFO: [Synth 8-256] done synthesizing module 'emif_con' (0#1) [C:/Users/RESEARCH/Downloads/Quadrature/Quadrature/FPGA_part/source/emif_con.vhd:55]
INFO: [Synth 8-3491] module 'servo_encoder_con' declared at 'C:/Users/RESEARCH/Downloads/Quadrature/Quadrature/FPGA_part/source/servo_encoder_con.vhd:41' bound to instance 'U1_servo_encoder_con' of component 'servo_encoder_con' [C:/Users/RESEARCH/Downloads/Quadrature/Quadrature/FPGA_part/source/servo_enc_v1_0.vhd:362]
INFO: [Synth 8-638] synthesizing module 'servo_encoder_con' [C:/Users/RESEARCH/Downloads/Quadrature/Quadrature/FPGA_part/source/servo_encoder_con.vhd:78]
INFO: [Synth 8-3491] module 'tamakawa_interface' declared at 'C:/Users/RESEARCH/Downloads/Quadrature/Quadrature/FPGA_part/source/tamakawa_interface.vhd:45' bound to instance 'U_tamakawa_interface1' of component 'tamakawa_interface' [C:/Users/RESEARCH/Downloads/Quadrature/Quadrature/FPGA_part/source/servo_encoder_con.vhd:176]
INFO: [Synth 8-638] synthesizing module 'tamakawa_interface' [C:/Users/RESEARCH/Downloads/Quadrature/Quadrature/FPGA_part/source/tamakawa_interface.vhd:66]
INFO: [Synth 8-256] done synthesizing module 'tamakawa_interface' (0#1) [C:/Users/RESEARCH/Downloads/Quadrature/Quadrature/FPGA_part/source/tamakawa_interface.vhd:66]
INFO: [Synth 8-3491] module 'tamakawa_interface' declared at 'C:/Users/RESEARCH/Downloads/Quadrature/Quadrature/FPGA_part/source/tamakawa_interface.vhd:45' bound to instance 'U_tamakawa_interface2' of component 'tamakawa_interface' [C:/Users/RESEARCH/Downloads/Quadrature/Quadrature/FPGA_part/source/servo_encoder_con.vhd:197]
INFO: [Synth 8-226] default block is never used [C:/Users/RESEARCH/Downloads/Quadrature/Quadrature/FPGA_part/source/servo_encoder_con.vhd:340]
INFO: [Synth 8-256] done synthesizing module 'servo_encoder_con' (0#1) [C:/Users/RESEARCH/Downloads/Quadrature/Quadrature/FPGA_part/source/servo_encoder_con.vhd:78]
INFO: [Synth 8-3491] module 'servo_encoder_con' declared at 'C:/Users/RESEARCH/Downloads/Quadrature/Quadrature/FPGA_part/source/servo_encoder_con.vhd:41' bound to instance 'U2_servo_encoder_con' of component 'servo_encoder_con' [C:/Users/RESEARCH/Downloads/Quadrature/Quadrature/FPGA_part/source/servo_enc_v1_0.vhd:397]
INFO: [Synth 8-3491] module 'delta_sigma' declared at 'C:/Users/RESEARCH/Downloads/Quadrature/Quadrature/FPGA_part/source/delta_sigma.vhd:20' bound to instance 'U_delta_sigma' of component 'delta_sigma' [C:/Users/RESEARCH/Downloads/Quadrature/Quadrature/FPGA_part/source/servo_enc_v1_0.vhd:436]
INFO: [Synth 8-638] synthesizing module 'delta_sigma' [C:/Users/RESEARCH/Downloads/Quadrature/Quadrature/FPGA_part/source/delta_sigma.vhd:39]
INFO: [Synth 8-256] done synthesizing module 'delta_sigma' (0#1) [C:/Users/RESEARCH/Downloads/Quadrature/Quadrature/FPGA_part/source/delta_sigma.vhd:39]
INFO: [Synth 8-3491] module 'delta_sigma' declared at 'C:/Users/RESEARCH/Downloads/Quadrature/Quadrature/FPGA_part/source/delta_sigma.vhd:20' bound to instance 'U_delta_sigma' of component 'delta_sigma' [C:/Users/RESEARCH/Downloads/Quadrature/Quadrature/FPGA_part/source/servo_enc_v1_0.vhd:436]
INFO: [Synth 8-3491] module 'delta_sigma' declared at 'C:/Users/RESEARCH/Downloads/Quadrature/Quadrature/FPGA_part/source/delta_sigma.vhd:20' bound to instance 'U_delta_sigma' of component 'delta_sigma' [C:/Users/RESEARCH/Downloads/Quadrature/Quadrature/FPGA_part/source/servo_enc_v1_0.vhd:436]
INFO: [Synth 8-3491] module 'delta_sigma' declared at 'C:/Users/RESEARCH/Downloads/Quadrature/Quadrature/FPGA_part/source/delta_sigma.vhd:20' bound to instance 'U_delta_sigma' of component 'delta_sigma' [C:/Users/RESEARCH/Downloads/Quadrature/Quadrature/FPGA_part/source/servo_enc_v1_0.vhd:436]
INFO: [Synth 8-3491] module 'delta_sigma' declared at 'C:/Users/RESEARCH/Downloads/Quadrature/Quadrature/FPGA_part/source/delta_sigma.vhd:20' bound to instance 'U_delta_sigma' of component 'delta_sigma' [C:/Users/RESEARCH/Downloads/Quadrature/Quadrature/FPGA_part/source/servo_enc_v1_0.vhd:436]
INFO: [Synth 8-3491] module 'delta_sigma' declared at 'C:/Users/RESEARCH/Downloads/Quadrature/Quadrature/FPGA_part/source/delta_sigma.vhd:20' bound to instance 'U_delta_sigma' of component 'delta_sigma' [C:/Users/RESEARCH/Downloads/Quadrature/Quadrature/FPGA_part/source/servo_enc_v1_0.vhd:436]
INFO: [Synth 8-3491] module 'spi_master' declared at 'C:/Users/RESEARCH/Downloads/Quadrature/Quadrature/FPGA_part/source/spi_master.vhd:18' bound to instance 'U_spi_master' of component 'spi_master' [C:/Users/RESEARCH/Downloads/Quadrature/Quadrature/FPGA_part/source/servo_enc_v1_0.vhd:475]
INFO: [Synth 8-638] synthesizing module 'spi_master' [C:/Users/RESEARCH/Downloads/Quadrature/Quadrature/FPGA_part/source/spi_master.vhd:34]
INFO: [Synth 8-256] done synthesizing module 'spi_master' (0#1) [C:/Users/RESEARCH/Downloads/Quadrature/Quadrature/FPGA_part/source/spi_master.vhd:34]
INFO: [Synth 8-256] done synthesizing module 'servo_enc_v1_0' (0#1) [C:/Users/RESEARCH/Downloads/Quadrature/Quadrature/FPGA_part/source/servo_enc_v1_0.vhd:110]
WARNING: [Synth 8-6014] Unused sequential element tk_rx_data_reg[23] was removed.  [C:/Users/RESEARCH/Downloads/Quadrature/Quadrature/FPGA_part/source/tamakawa_interface.vhd:352]
WARNING: [Synth 8-6014] Unused sequential element tk_rx_data_reg[22] was removed.  [C:/Users/RESEARCH/Downloads/Quadrature/Quadrature/FPGA_part/source/tamakawa_interface.vhd:352]
WARNING: [Synth 8-6014] Unused sequential element tk_rx_data_reg[21] was removed.  [C:/Users/RESEARCH/Downloads/Quadrature/Quadrature/FPGA_part/source/tamakawa_interface.vhd:352]
WARNING: [Synth 8-6014] Unused sequential element tk_rx_data_reg[20] was removed.  [C:/Users/RESEARCH/Downloads/Quadrature/Quadrature/FPGA_part/source/tamakawa_interface.vhd:352]
WARNING: [Synth 8-6014] Unused sequential element tk_rx_data_reg[19] was removed.  [C:/Users/RESEARCH/Downloads/Quadrature/Quadrature/FPGA_part/source/tamakawa_interface.vhd:352]
WARNING: [Synth 8-6014] Unused sequential element tk_rx_data_reg[18] was removed.  [C:/Users/RESEARCH/Downloads/Quadrature/Quadrature/FPGA_part/source/tamakawa_interface.vhd:352]
WARNING: [Synth 8-6014] Unused sequential element tk_rx_data_reg[17] was removed.  [C:/Users/RESEARCH/Downloads/Quadrature/Quadrature/FPGA_part/source/tamakawa_interface.vhd:352]
WARNING: [Synth 8-6014] Unused sequential element tk_rx_data_reg[16] was removed.  [C:/Users/RESEARCH/Downloads/Quadrature/Quadrature/FPGA_part/source/tamakawa_interface.vhd:352]
WARNING: [Synth 8-6014] Unused sequential element tk_rx_data_reg[15] was removed.  [C:/Users/RESEARCH/Downloads/Quadrature/Quadrature/FPGA_part/source/tamakawa_interface.vhd:352]
WARNING: [Synth 8-6014] Unused sequential element tk_rx_data_reg[14] was removed.  [C:/Users/RESEARCH/Downloads/Quadrature/Quadrature/FPGA_part/source/tamakawa_interface.vhd:352]
WARNING: [Synth 8-6014] Unused sequential element tk_rx_data_reg[13] was removed.  [C:/Users/RESEARCH/Downloads/Quadrature/Quadrature/FPGA_part/source/tamakawa_interface.vhd:352]
WARNING: [Synth 8-6014] Unused sequential element tk_rx_data_reg[12] was removed.  [C:/Users/RESEARCH/Downloads/Quadrature/Quadrature/FPGA_part/source/tamakawa_interface.vhd:352]
WARNING: [Synth 8-6014] Unused sequential element tk_rx_data_reg[11] was removed.  [C:/Users/RESEARCH/Downloads/Quadrature/Quadrature/FPGA_part/source/tamakawa_interface.vhd:352]
WARNING: [Synth 8-6014] Unused sequential element tk_rx_data_reg[10] was removed.  [C:/Users/RESEARCH/Downloads/Quadrature/Quadrature/FPGA_part/source/tamakawa_interface.vhd:352]
WARNING: [Synth 8-6014] Unused sequential element tk_rx_data_reg[9] was removed.  [C:/Users/RESEARCH/Downloads/Quadrature/Quadrature/FPGA_part/source/tamakawa_interface.vhd:352]
WARNING: [Synth 8-6014] Unused sequential element tk_rx_data_reg[8] was removed.  [C:/Users/RESEARCH/Downloads/Quadrature/Quadrature/FPGA_part/source/tamakawa_interface.vhd:352]
WARNING: [Synth 8-6014] Unused sequential element tk_rx_data_reg[1] was removed.  [C:/Users/RESEARCH/Downloads/Quadrature/Quadrature/FPGA_part/source/tamakawa_interface.vhd:352]
WARNING: [Synth 8-6014] Unused sequential element rx_data_cnt_reg was removed.  [C:/Users/RESEARCH/Downloads/Quadrature/Quadrature/FPGA_part/source/tamakawa_interface.vhd:364]
WARNING: [Synth 8-6014] Unused sequential element tx_data_cnt_reg was removed.  [C:/Users/RESEARCH/Downloads/Quadrature/Quadrature/FPGA_part/source/tamakawa_interface.vhd:365]
WARNING: [Synth 8-6014] Unused sequential element rx_frame_error_cnt_reg was removed.  [C:/Users/RESEARCH/Downloads/Quadrature/Quadrature/FPGA_part/source/tamakawa_interface.vhd:366]
WARNING: [Synth 8-6014] Unused sequential element crc_tx_reg was removed.  [C:/Users/RESEARCH/Downloads/Quadrature/Quadrature/FPGA_part/source/tamakawa_interface.vhd:559]
WARNING: [Synth 8-6014] Unused sequential element crc_rx_reg was removed.  [C:/Users/RESEARCH/Downloads/Quadrature/Quadrature/FPGA_part/source/tamakawa_interface.vhd:560]
WARNING: [Synth 8-3848] Net mechanical_status_lo[4] in module/entity servo_enc_v1_0 does not have driver. [C:/Users/RESEARCH/Downloads/Quadrature/Quadrature/FPGA_part/source/servo_enc_v1_0.vhd:243]
WARNING: [Synth 8-3848] Net mechanical_status_lo[3] in module/entity servo_enc_v1_0 does not have driver. [C:/Users/RESEARCH/Downloads/Quadrature/Quadrature/FPGA_part/source/servo_enc_v1_0.vhd:243]
WARNING: [Synth 8-3848] Net mechanical_status_lo[1] in module/entity servo_enc_v1_0 does not have driver. [C:/Users/RESEARCH/Downloads/Quadrature/Quadrature/FPGA_part/source/servo_enc_v1_0.vhd:243]
WARNING: [Synth 8-3917] design servo_enc_v1_0 has port fmc_waitn driven by constant 1
WARNING: [Synth 8-7129] Port ds_data_in in module delta_sigma is either unconnected or has no load
WARNING: [Synth 8-7129] Port delta_sigma_config[7] in module delta_sigma is either unconnected or has no load
WARNING: [Synth 8-7129] Port delta_sigma_config[6] in module delta_sigma is either unconnected or has no load
WARNING: [Synth 8-7129] Port delta_sigma_config[5] in module delta_sigma is either unconnected or has no load
WARNING: [Synth 8-7129] Port delta_sigma_config[4] in module delta_sigma is either unconnected or has no load
WARNING: [Synth 8-7129] Port config[15] in module tamakawa_interface is either unconnected or has no load
WARNING: [Synth 8-7129] Port config[14] in module tamakawa_interface is either unconnected or has no load
WARNING: [Synth 8-7129] Port config[13] in module tamakawa_interface is either unconnected or has no load
WARNING: [Synth 8-7129] Port config[12] in module tamakawa_interface is either unconnected or has no load
WARNING: [Synth 8-7129] Port config[11] in module tamakawa_interface is either unconnected or has no load
WARNING: [Synth 8-7129] Port config[10] in module tamakawa_interface is either unconnected or has no load
WARNING: [Synth 8-7129] Port config[9] in module tamakawa_interface is either unconnected or has no load
WARNING: [Synth 8-7129] Port config[8] in module tamakawa_interface is either unconnected or has no load
WARNING: [Synth 8-7129] Port config[7] in module tamakawa_interface is either unconnected or has no load
WARNING: [Synth 8-7129] Port config[6] in module tamakawa_interface is either unconnected or has no load
WARNING: [Synth 8-7129] Port config[5] in module tamakawa_interface is either unconnected or has no load
WARNING: [Synth 8-7129] Port config[4] in module tamakawa_interface is either unconnected or has no load
WARNING: [Synth 8-7129] Port config[3] in module tamakawa_interface is either unconnected or has no load
WARNING: [Synth 8-7129] Port config[2] in module tamakawa_interface is either unconnected or has no load
WARNING: [Synth 8-7129] Port config[1] in module tamakawa_interface is either unconnected or has no load
WARNING: [Synth 8-7129] Port config[0] in module tamakawa_interface is either unconnected or has no load
WARNING: [Synth 8-7129] Port counter_status[3][15] in module servo_encoder_con is either unconnected or has no load
WARNING: [Synth 8-7129] Port counter_status[3][14] in module servo_encoder_con is either unconnected or has no load
WARNING: [Synth 8-7129] Port counter_status[3][13] in module servo_encoder_con is either unconnected or has no load
WARNING: [Synth 8-7129] Port counter_status[3][12] in module servo_encoder_con is either unconnected or has no load
WARNING: [Synth 8-7129] Port counter_status[3][11] in module servo_encoder_con is either unconnected or has no load
WARNING: [Synth 8-7129] Port counter_status[3][10] in module servo_encoder_con is either unconnected or has no load
WARNING: [Synth 8-7129] Port counter_status[3][9] in module servo_encoder_con is either unconnected or has no load
WARNING: [Synth 8-7129] Port counter_status[3][8] in module servo_encoder_con is either unconnected or has no load
WARNING: [Synth 8-7129] Port counter_status[2][15] in module servo_encoder_con is either unconnected or has no load
WARNING: [Synth 8-7129] Port counter_status[2][14] in module servo_encoder_con is either unconnected or has no load
WARNING: [Synth 8-7129] Port counter_status[2][13] in module servo_encoder_con is either unconnected or has no load
WARNING: [Synth 8-7129] Port counter_status[2][12] in module servo_encoder_con is either unconnected or has no load
WARNING: [Synth 8-7129] Port counter_status[2][11] in module servo_encoder_con is either unconnected or has no load
WARNING: [Synth 8-7129] Port counter_status[2][10] in module servo_encoder_con is either unconnected or has no load
WARNING: [Synth 8-7129] Port counter_status[2][9] in module servo_encoder_con is either unconnected or has no load
WARNING: [Synth 8-7129] Port counter_status[2][8] in module servo_encoder_con is either unconnected or has no load
WARNING: [Synth 8-7129] Port counter_load_enc[2] in module servo_encoder_con is either unconnected or has no load
WARNING: [Synth 8-7129] Port counter_load_enc[1] in module servo_encoder_con is either unconnected or has no load
WARNING: [Synth 8-7129] Port counter_config[1][7] in module servo_encoder_con is either unconnected or has no load
WARNING: [Synth 8-7129] Port counter_config[1][6] in module servo_encoder_con is either unconnected or has no load
WARNING: [Synth 8-7129] Port counter_config[1][3] in module servo_encoder_con is either unconnected or has no load
WARNING: [Synth 8-7129] Port gp_in[3] in module servo_enc_v1_0 is either unconnected or has no load
WARNING: [Synth 8-7129] Port gp_in[2] in module servo_enc_v1_0 is either unconnected or has no load
WARNING: [Synth 8-7129] Port gp_in[1] in module servo_enc_v1_0 is either unconnected or has no load
WARNING: [Synth 8-7129] Port gp_in[0] in module servo_enc_v1_0 is either unconnected or has no load
---------------------------------------------------------------------------------
Finished RTL Elaboration : Time (s): cpu = 00:00:05 ; elapsed = 00:00:05 . Memory (MB): peak = 1375.750 ; gain = 683.176
---------------------------------------------------------------------------------
---------------------------------------------------------------------------------
Start Handling Custom Attributes
---------------------------------------------------------------------------------
---------------------------------------------------------------------------------
Finished Handling Custom Attributes : Time (s): cpu = 00:00:05 ; elapsed = 00:00:05 . Memory (MB): peak = 1375.750 ; gain = 683.176
---------------------------------------------------------------------------------
---------------------------------------------------------------------------------
Finished RTL Optimization Phase 1 : Time (s): cpu = 00:00:05 ; elapsed = 00:00:05 . Memory (MB): peak = 1375.750 ; gain = 683.176
---------------------------------------------------------------------------------
Netlist sorting complete. Time (s): cpu = 00:00:00 ; elapsed = 00:00:00.058 . Memory (MB): peak = 1375.750 ; gain = 0.000
INFO: [Project 1-570] Preparing netlist for logic optimization

Processing XDC Constraints
Initializing timing engine
Parsing XDC File [C:/Users/RESEARCH/Downloads/Quadrature/Quadrature/FPGA_part/source/servo_enc.xdc]
Finished Parsing XDC File [C:/Users/RESEARCH/Downloads/Quadrature/Quadrature/FPGA_part/source/servo_enc.xdc]
INFO: [Project 1-236] Implementation specific constraints were found while reading constraint file [C:/Users/RESEARCH/Downloads/Quadrature/Quadrature/FPGA_part/source/servo_enc.xdc]. These constraints will be ignored for synthesis but will be used in implementation. Impacted constraints are listed in the file [.Xil/servo_enc_v1_0_propImpl.xdc].
Resolution: To avoid this warning, move constraints listed in [.Xil/servo_enc_v1_0_propImpl.xdc] to another XDC file and exclude this new file from synthesis with the used_in_synthesis property (File Properties dialog in GUI) and re-run elaboration/synthesis.
Completed Processing XDC Constraints

Netlist sorting complete. Time (s): cpu = 00:00:00 ; elapsed = 00:00:00.002 . Memory (MB): peak = 1446.754 ; gain = 0.000
INFO: [Project 1-111] Unisim Transformation Summary:
No Unisim elements were transformed.

Constraint Validation Runtime : Time (s): cpu = 00:00:00 ; elapsed = 00:00:00.045 . Memory (MB): peak = 1446.754 ; gain = 0.000
INFO: [Designutils 20-5440] No compile time benefit to using incremental synthesis; A full resynthesis will be run
INFO: [Designutils 20-4379] Flow is switching to default flow due to incremental criteria not met. If you would like to alter this behaviour and have the flow terminate instead, please set the following parameter config_implementation {autoIncr.Synth.RejectBehavior Terminate}
---------------------------------------------------------------------------------
Finished Constraint Validation : Time (s): cpu = 00:00:11 ; elapsed = 00:00:12 . Memory (MB): peak = 1446.754 ; gain = 754.180
---------------------------------------------------------------------------------
---------------------------------------------------------------------------------
Start Loading Part and Timing Information
---------------------------------------------------------------------------------
Loading part: xc7s15ftgb196-1
---------------------------------------------------------------------------------
Finished Loading Part and Timing Information : Time (s): cpu = 00:00:11 ; elapsed = 00:00:12 . Memory (MB): peak = 1446.754 ; gain = 754.180
---------------------------------------------------------------------------------
---------------------------------------------------------------------------------
Start Applying 'set_property' XDC Constraints
---------------------------------------------------------------------------------
---------------------------------------------------------------------------------
Finished applying 'set_property' XDC Constraints : Time (s): cpu = 00:00:11 ; elapsed = 00:00:12 . Memory (MB): peak = 1446.754 ; gain = 754.180
---------------------------------------------------------------------------------
INFO: [Synth 8-802] inferred FSM for state register 'tk_state_reg' in module 'tamakawa_interface'
---------------------------------------------------------------------------------------------------
                   State |                     New Encoding |                Previous Encoding 
---------------------------------------------------------------------------------------------------
                iSTATE10 |                             0000 |                         00000000
                 iSTATE8 |                             0001 |                         00000001
                 iSTATE6 |                             0010 |                         00000010
                 iSTATE5 |                             0011 |                         00000011
                iSTATE14 |                             0100 |                         00000100
                iSTATE13 |                             0101 |                         00000101
                 iSTATE4 |                             0110 |                         01100100
                 iSTATE3 |                             0111 |                         01100101
                 iSTATE1 |                             1000 |                         01100110
                 iSTATE0 |                             1001 |                         01100111
                 iSTATE2 |                             1010 |                         01101000
                  iSTATE |                             1011 |                         11111100
                iSTATE15 |                             1100 |                         11111101
                 iSTATE9 |                             1101 |                         11111010
                 iSTATE7 |                             1110 |                         11111011
                iSTATE11 |                             1111 |                         11111111
*
---------------------------------------------------------------------------------------------------
INFO: [Synth 8-3354] encoded FSM with state register 'tk_state_reg' using encoding 'sequential' in module 'tamakawa_interface'
WARNING: [Synth 8-327] inferring latch for variable 'mosi_reg' [C:/Users/RESEARCH/Downloads/Quadrature/Quadrature/FPGA_part/source/spi_master.vhd:67]
---------------------------------------------------------------------------------
Finished RTL Optimization Phase 2 : Time (s): cpu = 00:00:12 ; elapsed = 00:00:13 . Memory (MB): peak = 1446.754 ; gain = 754.180
---------------------------------------------------------------------------------
---------------------------------------------------------------------------------
Start RTL Component Statistics 
---------------------------------------------------------------------------------
Detailed RTL Component Info : 
+---Adders : 
	   2 Input   32 Bit       Adders := 1     
	   3 Input   25 Bit       Adders := 6     
	   4 Input   25 Bit       Adders := 6     
	   2 Input   25 Bit       Adders := 6     
	   2 Input   16 Bit       Adders := 4     
	   2 Input    9 Bit       Adders := 4     
	   2 Input    8 Bit       Adders := 36    
	   2 Input    5 Bit       Adders := 9     
	   2 Input    4 Bit       Adders := 16    
	   2 Input    3 Bit       Adders := 9     
+---XORs : 
	   2 Input     16 Bit         XORs := 2     
	   2 Input      1 Bit         XORs := 6     
+---Registers : 
	               32 Bit    Registers := 11    
	               25 Bit    Registers := 24    
	               24 Bit    Registers := 8     
	               16 Bit    Registers := 44    
	               14 Bit    Registers := 1     
	                9 Bit    Registers := 4     
	                8 Bit    Registers := 104   
	                6 Bit    Registers := 1     
	                5 Bit    Registers := 10    
	                4 Bit    Registers := 25    
	                3 Bit    Registers := 8     
	                1 Bit    Registers := 130   
+---Muxes : 
	   2 Input   32 Bit        Muxes := 7     
	   3 Input   32 Bit        Muxes := 1     
	   2 Input   16 Bit        Muxes := 20    
	  16 Input   16 Bit        Muxes := 4     
	   2 Input    9 Bit        Muxes := 4     
	  16 Input    8 Bit        Muxes := 32    
	   2 Input    8 Bit        Muxes := 28    
	  16 Input    5 Bit        Muxes := 4     
	   2 Input    5 Bit        Muxes := 30    
	   2 Input    4 Bit        Muxes := 25    
	  16 Input    4 Bit        Muxes := 8     
	   2 Input    3 Bit        Muxes := 22    
	   5 Input    2 Bit        Muxes := 1     
	   2 Input    1 Bit        Muxes := 289   
	  16 Input    1 Bit        Muxes := 76    
	   4 Input    1 Bit        Muxes := 4     
---------------------------------------------------------------------------------
Finished RTL Component Statistics 
---------------------------------------------------------------------------------
---------------------------------------------------------------------------------
Start Part Resource Summary
---------------------------------------------------------------------------------
Part Resources:
DSPs: 20 (col length:20)
BRAMs: 20 (col length: RAMB18 20 RAMB36 10)
---------------------------------------------------------------------------------
Finished Part Resource Summary
---------------------------------------------------------------------------------
---------------------------------------------------------------------------------
Start Cross Boundary and Area Optimization
---------------------------------------------------------------------------------
WARNING: [Synth 8-3917] design servo_enc_v1_0 has port fmc_waitn driven by constant 1
WARNING: [Synth 8-7129] Port ds_data_in in module delta_sigma is either unconnected or has no load
WARNING: [Synth 8-7129] Port delta_sigma_config[7] in module delta_sigma is either unconnected or has no load
WARNING: [Synth 8-7129] Port delta_sigma_config[6] in module delta_sigma is either unconnected or has no load
WARNING: [Synth 8-7129] Port delta_sigma_config[5] in module delta_sigma is either unconnected or has no load
WARNING: [Synth 8-7129] Port delta_sigma_config[4] in module delta_sigma is either unconnected or has no load
WARNING: [Synth 8-7129] Port config[15] in module tamakawa_interface is either unconnected or has no load
WARNING: [Synth 8-7129] Port config[14] in module tamakawa_interface is either unconnected or has no load
WARNING: [Synth 8-7129] Port config[13] in module tamakawa_interface is either unconnected or has no load
WARNING: [Synth 8-7129] Port config[12] in module tamakawa_interface is either unconnected or has no load
WARNING: [Synth 8-7129] Port config[11] in module tamakawa_interface is either unconnected or has no load
WARNING: [Synth 8-7129] Port config[10] in module tamakawa_interface is either unconnected or has no load
WARNING: [Synth 8-7129] Port config[9] in module tamakawa_interface is either unconnected or has no load
WARNING: [Synth 8-7129] Port config[8] in module tamakawa_interface is either unconnected or has no load
WARNING: [Synth 8-7129] Port config[7] in module tamakawa_interface is either unconnected or has no load
WARNING: [Synth 8-7129] Port config[6] in module tamakawa_interface is either unconnected or has no load
WARNING: [Synth 8-7129] Port config[5] in module tamakawa_interface is either unconnected or has no load
WARNING: [Synth 8-7129] Port config[4] in module tamakawa_interface is either unconnected or has no load
WARNING: [Synth 8-7129] Port config[3] in module tamakawa_interface is either unconnected or has no load
WARNING: [Synth 8-7129] Port config[2] in module tamakawa_interface is either unconnected or has no load
WARNING: [Synth 8-7129] Port config[1] in module tamakawa_interface is either unconnected or has no load
WARNING: [Synth 8-7129] Port config[0] in module tamakawa_interface is either unconnected or has no load
WARNING: [Synth 8-7129] Port counter_status[3][15] in module servo_encoder_con is either unconnected or has no load
WARNING: [Synth 8-7129] Port counter_status[3][14] in module servo_encoder_con is either unconnected or has no load
WARNING: [Synth 8-7129] Port counter_status[3][13] in module servo_encoder_con is either unconnected or has no load
WARNING: [Synth 8-7129] Port counter_status[3][12] in module servo_encoder_con is either unconnected or has no load
WARNING: [Synth 8-7129] Port counter_status[3][11] in module servo_encoder_con is either unconnected or has no load
WARNING: [Synth 8-7129] Port counter_status[3][10] in module servo_encoder_con is either unconnected or has no load
WARNING: [Synth 8-7129] Port counter_status[3][9] in module servo_encoder_con is either unconnected or has no load
WARNING: [Synth 8-7129] Port counter_status[3][8] in module servo_encoder_con is either unconnected or has no load
WARNING: [Synth 8-7129] Port counter_status[2][15] in module servo_encoder_con is either unconnected or has no load
WARNING: [Synth 8-7129] Port counter_status[2][14] in module servo_encoder_con is either unconnected or has no load
WARNING: [Synth 8-7129] Port counter_status[2][13] in module servo_encoder_con is either unconnected or has no load
WARNING: [Synth 8-7129] Port counter_status[2][12] in module servo_encoder_con is either unconnected or has no load
WARNING: [Synth 8-7129] Port counter_status[2][11] in module servo_encoder_con is either unconnected or has no load
WARNING: [Synth 8-7129] Port counter_status[2][10] in module servo_encoder_con is either unconnected or has no load
WARNING: [Synth 8-7129] Port counter_status[2][9] in module servo_encoder_con is either unconnected or has no load
WARNING: [Synth 8-7129] Port counter_status[2][8] in module servo_encoder_con is either unconnected or has no load
WARNING: [Synth 8-7129] Port counter_load_enc[2] in module servo_encoder_con is either unconnected or has no load
WARNING: [Synth 8-7129] Port counter_load_enc[1] in module servo_encoder_con is either unconnected or has no load
WARNING: [Synth 8-7129] Port counter_config[1][7] in module servo_encoder_con is either unconnected or has no load
WARNING: [Synth 8-7129] Port counter_config[1][6] in module servo_encoder_con is either unconnected or has no load
WARNING: [Synth 8-7129] Port counter_config[1][3] in module servo_encoder_con is either unconnected or has no load
WARNING: [Synth 8-7129] Port gp_in[3] in module servo_enc_v1_0 is either unconnected or has no load
WARNING: [Synth 8-7129] Port gp_in[2] in module servo_enc_v1_0 is either unconnected or has no load
WARNING: [Synth 8-7129] Port gp_in[1] in module servo_enc_v1_0 is either unconnected or has no load
WARNING: [Synth 8-7129] Port gp_in[0] in module servo_enc_v1_0 is either unconnected or has no load
WARNING: [Synth 8-3332] Sequential element (mosi_reg) is unused and will be removed from module spi_master.
---------------------------------------------------------------------------------
Finished Cross Boundary and Area Optimization : Time (s): cpu = 00:00:23 ; elapsed = 00:00:24 . Memory (MB): peak = 1507.270 ; gain = 814.695
---------------------------------------------------------------------------------
---------------------------------------------------------------------------------
Start Applying XDC Timing Constraints
---------------------------------------------------------------------------------
---------------------------------------------------------------------------------
Finished Applying XDC Timing Constraints : Time (s): cpu = 00:00:26 ; elapsed = 00:00:28 . Memory (MB): peak = 1584.168 ; gain = 891.594
---------------------------------------------------------------------------------
---------------------------------------------------------------------------------
Start Timing Optimization
---------------------------------------------------------------------------------
---------------------------------------------------------------------------------
Finished Timing Optimization : Time (s): cpu = 00:00:27 ; elapsed = 00:00:29 . Memory (MB): peak = 1604.473 ; gain = 911.898
---------------------------------------------------------------------------------
---------------------------------------------------------------------------------
Start Technology Mapping
---------------------------------------------------------------------------------
---------------------------------------------------------------------------------
Finished Technology Mapping : Time (s): cpu = 00:00:28 ; elapsed = 00:00:30 . Memory (MB): peak = 1663.074 ; gain = 970.500
---------------------------------------------------------------------------------
---------------------------------------------------------------------------------
Start IO Insertion
---------------------------------------------------------------------------------
---------------------------------------------------------------------------------
Start Flattening Before IO Insertion
---------------------------------------------------------------------------------
---------------------------------------------------------------------------------
Finished Flattening Before IO Insertion
---------------------------------------------------------------------------------
---------------------------------------------------------------------------------
Start Final Netlist Cleanup
---------------------------------------------------------------------------------
---------------------------------------------------------------------------------
Finished Final Netlist Cleanup
---------------------------------------------------------------------------------
---------------------------------------------------------------------------------
Finished IO Insertion : Time (s): cpu = 00:00:31 ; elapsed = 00:00:33 . Memory (MB): peak = 1845.809 ; gain = 1153.234
---------------------------------------------------------------------------------
---------------------------------------------------------------------------------
Start Renaming Generated Instances
---------------------------------------------------------------------------------
---------------------------------------------------------------------------------
Finished Renaming Generated Instances : Time (s): cpu = 00:00:31 ; elapsed = 00:00:33 . Memory (MB): peak = 1845.809 ; gain = 1153.234
---------------------------------------------------------------------------------
---------------------------------------------------------------------------------
Start Rebuilding User Hierarchy
---------------------------------------------------------------------------------
---------------------------------------------------------------------------------
Finished Rebuilding User Hierarchy : Time (s): cpu = 00:00:32 ; elapsed = 00:00:34 . Memory (MB): peak = 1845.809 ; gain = 1153.234
---------------------------------------------------------------------------------
---------------------------------------------------------------------------------
Start Renaming Generated Ports
---------------------------------------------------------------------------------
---------------------------------------------------------------------------------
Finished Renaming Generated Ports : Time (s): cpu = 00:00:32 ; elapsed = 00:00:34 . Memory (MB): peak = 1845.809 ; gain = 1153.234
---------------------------------------------------------------------------------
---------------------------------------------------------------------------------
Start Handling Custom Attributes
---------------------------------------------------------------------------------
---------------------------------------------------------------------------------
Finished Handling Custom Attributes : Time (s): cpu = 00:00:32 ; elapsed = 00:00:34 . Memory (MB): peak = 1845.809 ; gain = 1153.234
---------------------------------------------------------------------------------
---------------------------------------------------------------------------------
Start Renaming Generated Nets
---------------------------------------------------------------------------------
---------------------------------------------------------------------------------
Finished Renaming Generated Nets : Time (s): cpu = 00:00:32 ; elapsed = 00:00:34 . Memory (MB): peak = 1845.809 ; gain = 1153.234
---------------------------------------------------------------------------------
---------------------------------------------------------------------------------
Start Writing Synthesis Report
---------------------------------------------------------------------------------

Report BlackBoxes: 
+-+--------------+----------+
| |BlackBox name |Instances |
+-+--------------+----------+
+-+--------------+----------+

Report Cell Usage: 
+------+-------+------+
|      |Cell   |Count |
+------+-------+------+
|1     |BUFG   |     1|
|2     |CARRY4 |   353|
|3     |LUT1   |   196|
|4     |LUT2   |  1101|
|5     |LUT3   |   542|
|6     |LUT4   |   505|
|7     |LUT5   |   477|
|8     |LUT6   |   886|
|9     |MUXF7  |    16|
|10    |FDCE   |  2149|
|11    |FDPE   |     4|
|12    |FDRE   |  1208|
|13    |FDSE   |     8|
|14    |IBUF   |    38|
|15    |IOBUF  |    16|
|16    |OBUF   |    30|
|17    |OBUFT  |     1|
+------+-------+------+
---------------------------------------------------------------------------------
Finished Writing Synthesis Report : Time (s): cpu = 00:00:32 ; elapsed = 00:00:34 . Memory (MB): peak = 1845.809 ; gain = 1153.234
---------------------------------------------------------------------------------
Synthesis finished with 0 errors, 0 critical warnings and 49 warnings.
Synthesis Optimization Runtime : Time (s): cpu = 00:00:25 ; elapsed = 00:00:32 . Memory (MB): peak = 1845.809 ; gain = 1082.230
Synthesis Optimization Complete : Time (s): cpu = 00:00:32 ; elapsed = 00:00:34 . Memory (MB): peak = 1845.809 ; gain = 1153.234
INFO: [Project 1-571] Translating synthesized netlist
Netlist sorting complete. Time (s): cpu = 00:00:00 ; elapsed = 00:00:00.050 . Memory (MB): peak = 1854.969 ; gain = 0.000
INFO: [Netlist 29-17] Analyzing 385 Unisim elements for replacement
INFO: [Netlist 29-28] Unisim Transformation completed in 0 CPU seconds
INFO: [Project 1-570] Preparing netlist for logic optimization
INFO: [Opt 31-138] Pushed 0 inverter(s) to 0 load pin(s).
Netlist sorting complete. Time (s): cpu = 00:00:00 ; elapsed = 00:00:00.001 . Memory (MB): peak = 1858.684 ; gain = 0.000
INFO: [Project 1-111] Unisim Transformation Summary:
  A total of 16 instances were transformed.
  IOBUF => IOBUF (IBUF, OBUFT): 16 instances

Synth Design complete | Checksum: e3de029c
INFO: [Common 17-83] Releasing license: Synthesis
48 Infos, 122 Warnings, 0 Critical Warnings and 0 Errors encountered.
synth_design completed successfully
synth_design: Time (s): cpu = 00:00:35 ; elapsed = 00:00:39 . Memory (MB): peak = 1858.684 ; gain = 1317.719
Write ShapeDB Complete: Time (s): cpu = 00:00:00 ; elapsed = 00:00:00.013 . Memory (MB): peak = 1858.684 ; gain = 0.000
INFO: [Common 17-1381] The checkpoint 'C:/Users/RESEARCH/Downloads/Quadrature/Quadrature/FPGA_part/targeting/servo_encoder_v1_0.runs/synth_1/servo_enc_v1_0.dcp' has been generated.
INFO: [Vivado 12-24828] Executing command : report_utilization -file servo_enc_v1_0_utilization_synth.rpt -pb servo_enc_v1_0_utilization_synth.pb
INFO: [Common 17-206] Exiting Vivado at Mon Apr 20 16:00:23 2026...
